{"/home/travis/build/npmtest/node-npmtest-cordova-plugin-media-capture/test.js":{"path":"/home/travis/build/npmtest/node-npmtest-cordova-plugin-media-capture/test.js","s":{"1":2,"2":2,"3":2,"4":2,"5":2,"6":2,"7":2,"8":1,"9":2,"10":2,"11":1,"12":1,"13":1,"14":1,"15":2,"16":2,"17":2,"18":2,"19":1,"20":1,"21":2,"22":2,"23":2,"24":1,"25":1,"26":1,"27":1,"28":1,"29":1,"30":1,"31":1,"32":1,"33":1,"34":1,"35":1,"36":1,"37":1,"38":1,"39":2,"40":2,"41":1,"42":2,"43":2,"44":1,"45":2,"46":2,"47":1,"48":2,"49":2,"50":1,"51":1,"52":1,"53":1,"54":1},"b":{"1":[2,1,1,1],"2":[1,1,1,1],"3":[1,1],"4":[1,1],"5":[1,1],"6":[1,1],"7":[1,1],"8":[1,1],"9":[1,1],"10":[1,1,1],"11":[1,1],"12":[1,1],"13":[1,1],"14":[1,1],"15":[1,1],"16":[1,1],"17":[1,1]},"f":{"1":2,"2":2,"3":2,"4":2,"5":2,"6":1,"7":1,"8":1,"9":2,"10":2,"11":2,"12":2,"13":1},"fnMap":{"1":{"name":"(anonymous_1)","line":12,"loc":{"start":{"line":12,"column":1},"end":{"line":12,"column":13}}},"2":{"name":"(anonymous_2)","line":19,"loc":{"start":{"line":19,"column":5},"end":{"line":19,"column":17}}},"3":{"name":"(anonymous_3)","line":23,"loc":{"start":{"line":23,"column":24},"end":{"line":23,"column":36}}},"4":{"name":"(anonymous_4)","line":61,"loc":{"start":{"line":61,"column":5},"end":{"line":61,"column":17}}},"5":{"name":"(anonymous_5)","line":82,"loc":{"start":{"line":82,"column":5},"end":{"line":82,"column":17}}},"6":{"name":"(anonymous_6)","line":91,"loc":{"start":{"line":91,"column":77},"end":{"line":94,"column":10}}},"7":{"name":"(anonymous_7)","line":112,"loc":{"start":{"line":112,"column":83},"end":{"line":115,"column":10}},"skip":true},"8":{"name":"(anonymous_8)","line":123,"loc":{"start":{"line":123,"column":77},"end":{"line":126,"column":10}},"skip":true},"9":{"name":"(anonymous_9)","line":139,"loc":{"start":{"line":139,"column":12},"end":{"line":139,"column":40}},"skip":true},"10":{"name":"(anonymous_10)","line":147,"loc":{"start":{"line":147,"column":77},"end":{"line":150,"column":10}},"skip":true},"11":{"name":"(anonymous_11)","line":158,"loc":{"start":{"line":158,"column":83},"end":{"line":161,"column":10}},"skip":true},"12":{"name":"(anonymous_12)","line":169,"loc":{"start":{"line":169,"column":79},"end":{"line":172,"column":10}},"skip":true},"13":{"name":"(anonymous_13)","line":180,"loc":{"start":{"line":180,"column":75},"end":{"line":183,"column":10}},"skip":true}},"statementMap":{"1":{"start":{"line":12,"column":0},"end":{"line":195,"column":5}},"2":{"start":{"line":14,"column":4},"end":{"line":14,"column":14}},"3":{"start":{"line":19,"column":4},"end":{"line":56,"column":9}},"4":{"start":{"line":21,"column":8},"end":{"line":21,"column":19}},"5":{"start":{"line":23,"column":8},"end":{"line":35,"column":13}},"6":{"start":{"line":24,"column":12},"end":{"line":34,"column":13}},"7":{"start":{"line":25,"column":16},"end":{"line":28,"column":30}},"8":{"start":{"line":30,"column":16},"end":{"line":33,"column":27}},"9":{"start":{"line":37,"column":8},"end":{"line":39,"column":21}},"10":{"start":{"line":40,"column":8},"end":{"line":53,"column":9}},"11":{"start":{"line":43,"column":12},"end":{"line":46,"column":14}},"12":{"start":{"line":47,"column":12},"end":{"line":47,"column":18}},"13":{"start":{"line":50,"column":12},"end":{"line":51,"column":33}},"14":{"start":{"line":52,"column":12},"end":{"line":52,"column":18}},"15":{"start":{"line":55,"column":8},"end":{"line":55,"column":35}},"16":{"start":{"line":61,"column":4},"end":{"line":63,"column":9}},"17":{"start":{"line":62,"column":8},"end":{"line":62,"column":15}},"18":{"start":{"line":64,"column":4},"end":{"line":77,"column":5}},"19":{"start":{"line":70,"column":8},"end":{"line":70,"column":14}},"20":{"start":{"line":76,"column":8},"end":{"line":76,"column":14}},"21":{"start":{"line":82,"column":4},"end":{"line":84,"column":9}},"22":{"start":{"line":83,"column":8},"end":{"line":83,"column":15}},"23":{"start":{"line":85,"column":4},"end":{"line":194,"column":5}},"24":{"start":{"line":91,"column":8},"end":{"line":99,"column":10}},"25":{"start":{"line":98,"column":12},"end":{"line":98,"column":35}},"26":{"start":{"line":102,"column":8},"end":{"line":104,"column":63}},"27":{"start":{"line":105,"column":8},"end":{"line":105,"column":14}},"28":{"start":{"line":112,"column":8},"end":{"line":121,"column":10},"skip":true},"29":{"start":{"line":119,"column":12},"end":{"line":119,"column":55},"skip":true},"30":{"start":{"line":120,"column":12},"end":{"line":120,"column":48},"skip":true},"31":{"start":{"line":123,"column":8},"end":{"line":136,"column":10},"skip":true},"32":{"start":{"line":130,"column":12},"end":{"line":130,"column":76},"skip":true},"33":{"start":{"line":131,"column":12},"end":{"line":131,"column":73},"skip":true},"34":{"start":{"line":132,"column":12},"end":{"line":132,"column":74},"skip":true},"35":{"start":{"line":133,"column":12},"end":{"line":133,"column":79},"skip":true},"36":{"start":{"line":134,"column":12},"end":{"line":134,"column":25},"skip":true},"37":{"start":{"line":135,"column":12},"end":{"line":135,"column":45},"skip":true},"38":{"start":{"line":138,"column":8},"end":{"line":145,"column":14},"skip":true},"39":{"start":{"line":143,"column":16},"end":{"line":143,"column":29},"skip":true},"40":{"start":{"line":144,"column":16},"end":{"line":144,"column":55},"skip":true},"41":{"start":{"line":147,"column":8},"end":{"line":156,"column":10},"skip":true},"42":{"start":{"line":154,"column":12},"end":{"line":154,"column":25},"skip":true},"43":{"start":{"line":155,"column":12},"end":{"line":155,"column":45},"skip":true},"44":{"start":{"line":158,"column":8},"end":{"line":167,"column":10},"skip":true},"45":{"start":{"line":165,"column":12},"end":{"line":165,"column":25},"skip":true},"46":{"start":{"line":166,"column":12},"end":{"line":166,"column":48},"skip":true},"47":{"start":{"line":169,"column":8},"end":{"line":178,"column":10},"skip":true},"48":{"start":{"line":176,"column":12},"end":{"line":176,"column":25},"skip":true},"49":{"start":{"line":177,"column":12},"end":{"line":177,"column":46},"skip":true},"50":{"start":{"line":180,"column":8},"end":{"line":189,"column":10},"skip":true},"51":{"start":{"line":187,"column":12},"end":{"line":187,"column":94},"skip":true},"52":{"start":{"line":188,"column":12},"end":{"line":188,"column":48},"skip":true},"53":{"start":{"line":192,"column":8},"end":{"line":192,"column":35},"skip":true},"54":{"start":{"line":193,"column":8},"end":{"line":193,"column":14},"skip":true}},"branchMap":{"1":{"line":25,"type":"binary-expr","locations":[{"start":{"line":25,"column":23},"end":{"line":25,"column":62}},{"start":{"line":26,"column":20},"end":{"line":26,"column":70}},{"start":{"line":27,"column":20},"end":{"line":27,"column":71}},{"start":{"line":28,"column":20},"end":{"line":28,"column":29}}]},"2":{"line":30,"type":"binary-expr","locations":[{"start":{"line":30,"column":23},"end":{"line":30,"column":37}},{"start":{"line":31,"column":20},"end":{"line":31,"column":61}},{"start":{"line":32,"column":20},"end":{"line":32,"column":70}},{"start":{"line":33,"column":20},"end":{"line":33,"column":26}}]},"3":{"line":37,"type":"cond-expr","locations":[{"start":{"line":38,"column":14},"end":{"line":38,"column":20}},{"start":{"line":39,"column":14},"end":{"line":39,"column":20}}]},"4":{"line":40,"type":"switch","locations":[{"start":{"line":42,"column":8},"end":{"line":47,"column":18}},{"start":{"line":49,"column":8},"end":{"line":52,"column":18}}]},"5":{"line":44,"type":"binary-expr","locations":[{"start":{"line":44,"column":16},"end":{"line":44,"column":44}},{"start":{"line":44,"column":48},"end":{"line":44,"column":66}}]},"6":{"line":50,"type":"binary-expr","locations":[{"start":{"line":50,"column":21},"end":{"line":50,"column":49}},{"start":{"line":50,"column":53},"end":{"line":50,"column":72}}]},"7":{"line":64,"type":"switch","locations":[{"start":{"line":69,"column":4},"end":{"line":70,"column":14}},{"start":{"line":75,"column":4},"end":{"line":76,"column":14}}]},"8":{"line":85,"type":"switch","locations":[{"start":{"line":90,"column":4},"end":{"line":105,"column":14}},{"start":{"line":111,"column":4},"end":{"line":193,"column":14},"skip":true}]},"9":{"line":91,"type":"binary-expr","locations":[{"start":{"line":91,"column":42},"end":{"line":91,"column":73}},{"start":{"line":91,"column":77},"end":{"line":99,"column":9}}]},"10":{"line":102,"type":"binary-expr","locations":[{"start":{"line":102,"column":18},"end":{"line":102,"column":32}},{"start":{"line":103,"column":12},"end":{"line":103,"column":53}},{"start":{"line":104,"column":12},"end":{"line":104,"column":61}}]},"11":{"line":112,"type":"binary-expr","locations":[{"start":{"line":112,"column":45},"end":{"line":112,"column":79},"skip":true},{"start":{"line":112,"column":83},"end":{"line":121,"column":9},"skip":true}]},"12":{"line":123,"type":"binary-expr","locations":[{"start":{"line":123,"column":42},"end":{"line":123,"column":73},"skip":true},{"start":{"line":123,"column":77},"end":{"line":136,"column":9},"skip":true}]},"13":{"line":138,"type":"binary-expr","locations":[{"start":{"line":138,"column":48},"end":{"line":138,"column":85},"skip":true},{"start":{"line":139,"column":12},"end":{"line":145,"column":13},"skip":true}]},"14":{"line":147,"type":"binary-expr","locations":[{"start":{"line":147,"column":42},"end":{"line":147,"column":73},"skip":true},{"start":{"line":147,"column":77},"end":{"line":156,"column":9},"skip":true}]},"15":{"line":158,"type":"binary-expr","locations":[{"start":{"line":158,"column":45},"end":{"line":158,"column":79},"skip":true},{"start":{"line":158,"column":83},"end":{"line":167,"column":9},"skip":true}]},"16":{"line":169,"type":"binary-expr","locations":[{"start":{"line":169,"column":43},"end":{"line":169,"column":75},"skip":true},{"start":{"line":169,"column":79},"end":{"line":178,"column":9},"skip":true}]},"17":{"line":180,"type":"binary-expr","locations":[{"start":{"line":180,"column":41},"end":{"line":180,"column":71},"skip":true},{"start":{"line":180,"column":75},"end":{"line":189,"column":9},"skip":true}]}},"code":["/* istanbul instrument in package npmtest_cordova_plugin_media_capture */","/*jslint","    bitwise: true,","    browser: true,","    maxerr: 8,","    maxlen: 96,","    node: true,","    nomen: true,","    regexp: true,","    stupid: true","*/","(function () {","    'use strict';","    var local;","","","","    // run shared js-env code - pre-init","    (function () {","        // init local","        local = {};","        // init modeJs","        local.modeJs = (function () {","            try {","                return typeof navigator.userAgent === 'string' &&","                    typeof document.querySelector('body') === 'object' &&","                    typeof XMLHttpRequest.prototype.open === 'function' &&","                    'browser';","            } catch (errorCaughtBrowser) {","                return module.exports &&","                    typeof process.versions.node === 'string' &&","                    typeof require('http').createServer === 'function' &&","                    'node';","            }","        }());","        // init global","        local.global = local.modeJs === 'browser'","            ? window","            : global;","        switch (local.modeJs) {","        // re-init local from window.local","        case 'browser':","            local = local.global.utility2.objectSetDefault(","                local.global.utility2_rollup || local.global.local,","                local.global.utility2","            );","            break;","        // re-init local from example.js","        case 'node':","            local = (local.global.utility2_rollup || require('utility2'))","                .requireReadme();","            break;","        }","        // export local","        local.global.local = local;","    }());","","","","    // run shared js-env code - function","    (function () {","        return;","    }());","    switch (local.modeJs) {","","","","    // run browser js-env code - function","    case 'browser':","        break;","","","","    // run node js-env code - function","    case 'node':","        break;","    }","","","","    // run shared js-env code - post-init","    (function () {","        return;","    }());","    switch (local.modeJs) {","","","","    // run browser js-env code - post-init","    case 'browser':","        local.testCase_browser_nullCase = local.testCase_browser_nullCase || function (","            options,","            onError","        ) {","        /*","         * this function will test browsers's null-case handling-behavior-behavior","         */","            onError(null, options);","        };","","        // run tests","        local.nop(local.modeTest &&","            document.querySelector('#testRunButton1') &&","            document.querySelector('#testRunButton1').click());","        break;","","","","    // run node js-env code - post-init","    /* istanbul ignore next */","    case 'node':","        local.testCase_buildApidoc_default = local.testCase_buildApidoc_default || function (","            options,","            onError","        ) {","        /*","         * this function will test buildApidoc's default handling-behavior-behavior","         */","            options = { modulePathList: module.paths };","            local.buildApidoc(options, onError);","        };","","        local.testCase_buildApp_default = local.testCase_buildApp_default || function (","            options,","            onError","        ) {","        /*","         * this function will test buildApp's default handling-behavior-behavior","         */","            local.testCase_buildReadme_default(options, local.onErrorThrow);","            local.testCase_buildLib_default(options, local.onErrorThrow);","            local.testCase_buildTest_default(options, local.onErrorThrow);","            local.testCase_buildCustomOrg_default(options, local.onErrorThrow);","            options = [];","            local.buildApp(options, onError);","        };","","        local.testCase_buildCustomOrg_default = local.testCase_buildCustomOrg_default ||","            function (options, onError) {","            /*","             * this function will test buildCustomOrg's default handling-behavior","             */","                options = {};","                local.buildCustomOrg(options, onError);","            };","","        local.testCase_buildLib_default = local.testCase_buildLib_default || function (","            options,","            onError","        ) {","        /*","         * this function will test buildLib's default handling-behavior","         */","            options = {};","            local.buildLib(options, onError);","        };","","        local.testCase_buildReadme_default = local.testCase_buildReadme_default || function (","            options,","            onError","        ) {","        /*","         * this function will test buildReadme's default handling-behavior-behavior","         */","            options = {};","            local.buildReadme(options, onError);","        };","","        local.testCase_buildTest_default = local.testCase_buildTest_default || function (","            options,","            onError","        ) {","        /*","         * this function will test buildTest's default handling-behavior","         */","            options = {};","            local.buildTest(options, onError);","        };","","        local.testCase_webpage_default = local.testCase_webpage_default || function (","            options,","            onError","        ) {","        /*","         * this function will test webpage's default handling-behavior","         */","            options = { modeCoverageMerge: true, url: local.serverLocalHost + '?modeTest=1' };","            local.browserTest(options, onError);","        };","","        // run test-server","        local.testRunServer(local);","        break;","    }","}());",""],"l":{"12":2,"14":2,"19":2,"21":2,"23":2,"24":2,"25":2,"30":1,"37":2,"40":2,"43":1,"47":1,"50":1,"52":1,"55":2,"61":2,"62":2,"64":2,"70":1,"76":1,"82":2,"83":2,"85":2,"91":1,"98":1,"102":1,"105":1,"112":1,"119":1,"120":1,"123":1,"130":1,"131":1,"132":1,"133":1,"134":1,"135":1,"138":1,"143":2,"144":2,"147":1,"154":2,"155":2,"158":1,"165":2,"166":2,"169":1,"176":2,"177":2,"180":1,"187":1,"188":1,"192":1,"193":1}},"/home/travis/build/npmtest/node-npmtest-cordova-plugin-media-capture/lib.npmtest_cordova_plugin_media_capture.js":{"path":"/home/travis/build/npmtest/node-npmtest-cordova-plugin-media-capture/lib.npmtest_cordova_plugin_media_capture.js","s":{"1":2,"2":2,"3":2,"4":2,"5":2,"6":2,"7":2,"8":1,"9":2,"10":2,"11":2,"12":2,"13":1,"14":1,"15":1,"16":1},"b":{"1":[2,1,1,1],"2":[1,1,1,1],"3":[1,1],"4":[2,2],"5":[1,1]},"f":{"1":2,"2":2,"3":2},"fnMap":{"1":{"name":"(anonymous_1)","line":12,"loc":{"start":{"line":12,"column":1},"end":{"line":12,"column":13}}},"2":{"name":"(anonymous_2)","line":19,"loc":{"start":{"line":19,"column":5},"end":{"line":19,"column":17}}},"3":{"name":"(anonymous_3)","line":23,"loc":{"start":{"line":23,"column":24},"end":{"line":23,"column":36}}}},"statementMap":{"1":{"start":{"line":12,"column":0},"end":{"line":53,"column":5}},"2":{"start":{"line":14,"column":4},"end":{"line":14,"column":14}},"3":{"start":{"line":19,"column":4},"end":{"line":52,"column":9}},"4":{"start":{"line":21,"column":8},"end":{"line":21,"column":19}},"5":{"start":{"line":23,"column":8},"end":{"line":35,"column":13}},"6":{"start":{"line":24,"column":12},"end":{"line":34,"column":13}},"7":{"start":{"line":25,"column":16},"end":{"line":28,"column":30}},"8":{"start":{"line":30,"column":16},"end":{"line":33,"column":27}},"9":{"start":{"line":37,"column":8},"end":{"line":39,"column":21}},"10":{"start":{"line":41,"column":8},"end":{"line":41,"column":54}},"11":{"start":{"line":43,"column":8},"end":{"line":43,"column":73}},"12":{"start":{"line":45,"column":8},"end":{"line":51,"column":9}},"13":{"start":{"line":46,"column":12},"end":{"line":46,"column":79}},"14":{"start":{"line":48,"column":12},"end":{"line":48,"column":35}},"15":{"start":{"line":49,"column":12},"end":{"line":49,"column":49}},"16":{"start":{"line":50,"column":12},"end":{"line":50,"column":43}}},"branchMap":{"1":{"line":25,"type":"binary-expr","locations":[{"start":{"line":25,"column":23},"end":{"line":25,"column":62}},{"start":{"line":26,"column":20},"end":{"line":26,"column":70}},{"start":{"line":27,"column":20},"end":{"line":27,"column":71}},{"start":{"line":28,"column":20},"end":{"line":28,"column":29}}]},"2":{"line":30,"type":"binary-expr","locations":[{"start":{"line":30,"column":23},"end":{"line":30,"column":37}},{"start":{"line":31,"column":20},"end":{"line":31,"column":61}},{"start":{"line":32,"column":20},"end":{"line":32,"column":70}},{"start":{"line":33,"column":20},"end":{"line":33,"column":26}}]},"3":{"line":37,"type":"cond-expr","locations":[{"start":{"line":38,"column":14},"end":{"line":38,"column":20}},{"start":{"line":39,"column":14},"end":{"line":39,"column":20}}]},"4":{"line":41,"type":"binary-expr","locations":[{"start":{"line":41,"column":16},"end":{"line":41,"column":44}},{"start":{"line":41,"column":48},"end":{"line":41,"column":53}}]},"5":{"line":45,"type":"if","locations":[{"start":{"line":45,"column":8},"end":{"line":45,"column":8}},{"start":{"line":45,"column":8},"end":{"line":45,"column":8}}]}},"code":["/* istanbul instrument in package npmtest_cordova_plugin_media_capture */","/*jslint","    bitwise: true,","    browser: true,","    maxerr: 8,","    maxlen: 96,","    node: true,","    nomen: true,","    regexp: true,","    stupid: true","*/","(function () {","    'use strict';","    var local;","","","","    // run shared js-env code - pre-init","    (function () {","        // init local","        local = {};","        // init modeJs","        local.modeJs = (function () {","            try {","                return typeof navigator.userAgent === 'string' &&","                    typeof document.querySelector('body') === 'object' &&","                    typeof XMLHttpRequest.prototype.open === 'function' &&","                    'browser';","            } catch (errorCaughtBrowser) {","                return module.exports &&","                    typeof process.versions.node === 'string' &&","                    typeof require('http').createServer === 'function' &&","                    'node';","            }","        }());","        // init global","        local.global = local.modeJs === 'browser'","            ? window","            : global;","        // init utility2_rollup","        local = local.global.utility2_rollup || local;","        // init lib","        local.local = local.npmtest_cordova_plugin_media_capture = local;","        // init exports","        if (local.modeJs === 'browser') {","            local.global.utility2_npmtest_cordova_plugin_media_capture = local;","        } else {","            module.exports = local;","            module.exports.__dirname = __dirname;","            module.exports.module = module;","        }","    }());","}());",""],"l":{"12":2,"14":2,"19":2,"21":2,"23":2,"24":2,"25":2,"30":1,"37":2,"41":2,"43":2,"45":2,"46":1,"48":1,"49":1,"50":1}},"/home/travis/build/npmtest/node-npmtest-cordova-plugin-media-capture/example.js":{"path":"/home/travis/build/npmtest/node-npmtest-cordova-plugin-media-capture/example.js","s":{"1":2,"2":2,"3":2,"4":2,"5":2,"6":2,"7":2,"8":1,"9":2,"10":2,"11":2,"12":2,"13":1,"14":2,"15":2,"16":2,"17":2,"18":2,"19":0,"20":2,"21":1,"22":1,"23":1,"24":1,"25":1,"26":0,"27":0,"28":1,"29":1,"30":2,"31":0,"32":0,"33":0,"34":1,"35":2,"36":2,"37":3,"38":3,"39":3,"40":3,"41":0,"42":3,"43":3,"44":3,"45":1,"46":3,"47":1,"48":1,"49":1,"50":1,"51":1,"52":1,"53":1,"54":1,"55":1,"56":1,"57":0,"58":1,"59":6,"60":6,"61":1,"62":2,"63":0,"64":2,"65":1,"66":1,"67":0,"68":0,"69":0,"70":0,"71":0,"72":0,"73":0,"74":0,"75":0,"76":0,"77":0,"78":0,"79":0,"80":0,"81":0,"82":0,"83":0},"b":{"1":[2,1,1,1],"2":[1,1,1,1],"3":[1,1],"4":[2,2],"5":[1,1],"6":[1,1],"7":[2,0],"8":[2,1,1,1,1,1],"9":[0,2,0],"10":[1,1],"11":[2,1,1],"12":[1,0],"13":[0,2],"14":[2,0,0,0,0,0,0],"15":[0,3],"16":[3,0],"17":[1,1],"18":[0,1],"19":[1,2,0,2],"20":[1,0],"21":[1,1],"22":[0,0],"23":[0,0],"24":[0,0],"25":[0,0],"26":[0,0],"27":[0,0],"28":[0,0]},"f":{"1":2,"2":2,"3":2,"4":2,"5":2,"6":2,"7":3,"8":3,"9":3,"10":1,"11":6,"12":0},"fnMap":{"1":{"name":"(anonymous_1)","line":26,"loc":{"start":{"line":26,"column":1},"end":{"line":26,"column":13}}},"2":{"name":"(anonymous_2)","line":33,"loc":{"start":{"line":33,"column":5},"end":{"line":33,"column":17}}},"3":{"name":"(anonymous_3)","line":37,"loc":{"start":{"line":37,"column":24},"end":{"line":37,"column":36}}},"4":{"name":"(anonymous_4)","line":69,"loc":{"start":{"line":69,"column":31},"end":{"line":69,"column":48}},"skip":true},"5":{"name":"(anonymous_5)","line":78,"loc":{"start":{"line":78,"column":26},"end":{"line":78,"column":45}},"skip":true},"6":{"name":"(anonymous_6)","line":123,"loc":{"start":{"line":123,"column":33},"end":{"line":123,"column":48}},"skip":true},"7":{"name":"(anonymous_7)","line":125,"loc":{"start":{"line":125,"column":27},"end":{"line":125,"column":39}},"skip":true},"8":{"name":"(anonymous_8)","line":133,"loc":{"start":{"line":133,"column":59},"end":{"line":133,"column":74}},"skip":true},"9":{"name":"(anonymous_9)","line":143,"loc":{"start":{"line":143,"column":45},"end":{"line":143,"column":62}},"skip":true},"10":{"name":"(anonymous_10)","line":144,"loc":{"start":{"line":144,"column":73},"end":{"line":144,"column":92}},"skip":true},"11":{"name":"(anonymous_11)","line":272,"loc":{"start":{"line":272,"column":51},"end":{"line":272,"column":77}},"skip":true},"12":{"name":"(anonymous_12)","line":315,"loc":{"start":{"line":315,"column":32},"end":{"line":315,"column":61}},"skip":true}},"statementMap":{"1":{"start":{"line":26,"column":0},"end":{"line":326,"column":5}},"2":{"start":{"line":28,"column":4},"end":{"line":28,"column":14}},"3":{"start":{"line":33,"column":4},"end":{"line":60,"column":9}},"4":{"start":{"line":35,"column":8},"end":{"line":35,"column":19}},"5":{"start":{"line":37,"column":8},"end":{"line":49,"column":13}},"6":{"start":{"line":38,"column":12},"end":{"line":48,"column":13}},"7":{"start":{"line":39,"column":16},"end":{"line":42,"column":30}},"8":{"start":{"line":44,"column":16},"end":{"line":47,"column":27}},"9":{"start":{"line":51,"column":8},"end":{"line":53,"column":21}},"10":{"start":{"line":55,"column":8},"end":{"line":57,"column":45}},"11":{"start":{"line":59,"column":8},"end":{"line":59,"column":35}},"12":{"start":{"line":61,"column":4},"end":{"line":325,"column":5}},"13":{"start":{"line":69,"column":8},"end":{"line":121,"column":10},"skip":true},"14":{"start":{"line":70,"column":12},"end":{"line":88,"column":13},"skip":true},"15":{"start":{"line":76,"column":16},"end":{"line":87,"column":19},"skip":true},"16":{"start":{"line":79,"column":20},"end":{"line":86,"column":21},"skip":true},"17":{"start":{"line":82,"column":24},"end":{"line":82,"column":43},"skip":true},"18":{"start":{"line":83,"column":24},"end":{"line":83,"column":30},"skip":true},"19":{"start":{"line":85,"column":24},"end":{"line":85,"column":49},"skip":true},"20":{"start":{"line":89,"column":12},"end":{"line":107,"column":13},"skip":true},"21":{"start":{"line":92,"column":16},"end":{"line":102,"column":17},"skip":true},"22":{"start":{"line":93,"column":20},"end":{"line":93,"column":86},"skip":true},"23":{"start":{"line":94,"column":20},"end":{"line":95,"column":45},"skip":true},"24":{"start":{"line":96,"column":20},"end":{"line":96,"column":42},"skip":true},"25":{"start":{"line":97,"column":20},"end":{"line":97,"column":48},"skip":true},"26":{"start":{"line":100,"column":20},"end":{"line":100,"column":85},"skip":true},"27":{"start":{"line":101,"column":20},"end":{"line":101,"column":96},"skip":true},"28":{"start":{"line":103,"column":16},"end":{"line":103,"column":22},"skip":true},"29":{"start":{"line":106,"column":16},"end":{"line":106,"column":22},"skip":true},"30":{"start":{"line":108,"column":12},"end":{"line":120,"column":13},"skip":true},"31":{"start":{"line":114,"column":16},"end":{"line":119,"column":17},"skip":true},"32":{"start":{"line":116,"column":20},"end":{"line":116,"column":78},"skip":true},"33":{"start":{"line":118,"column":20},"end":{"line":118,"column":47},"skip":true},"34":{"start":{"line":123,"column":8},"end":{"line":141,"column":11},"skip":true},"35":{"start":{"line":124,"column":12},"end":{"line":124,"column":54},"skip":true},"36":{"start":{"line":125,"column":12},"end":{"line":140,"column":14},"skip":true},"37":{"start":{"line":126,"column":16},"end":{"line":126,"column":28},"skip":true},"38":{"start":{"line":127,"column":16},"end":{"line":127,"column":69},"skip":true},"39":{"start":{"line":128,"column":16},"end":{"line":128,"column":75},"skip":true},"40":{"start":{"line":129,"column":16},"end":{"line":131,"column":17},"skip":true},"41":{"start":{"line":130,"column":20},"end":{"line":130,"column":27},"skip":true},"42":{"start":{"line":133,"column":16},"end":{"line":137,"column":36},"skip":true},"43":{"start":{"line":134,"column":20},"end":{"line":136,"column":55},"skip":true},"44":{"start":{"line":139,"column":16},"end":{"line":139,"column":57},"skip":true},"45":{"start":{"line":143,"column":8},"end":{"line":147,"column":11},"skip":true},"46":{"start":{"line":144,"column":12},"end":{"line":146,"column":15},"skip":true},"47":{"start":{"line":145,"column":16},"end":{"line":145,"column":70},"skip":true},"48":{"start":{"line":149,"column":8},"end":{"line":149,"column":31},"skip":true},"49":{"start":{"line":150,"column":8},"end":{"line":150,"column":14},"skip":true},"50":{"start":{"line":158,"column":8},"end":{"line":158,"column":31},"skip":true},"51":{"start":{"line":160,"column":8},"end":{"line":160,"column":33},"skip":true},"52":{"start":{"line":161,"column":8},"end":{"line":161,"column":37},"skip":true},"53":{"start":{"line":162,"column":8},"end":{"line":162,"column":35},"skip":true},"54":{"start":{"line":164,"column":8},"end":{"line":164,"column":50},"skip":true},"55":{"start":{"line":166,"column":8},"end":{"line":256,"column":2},"skip":true},"56":{"start":{"line":258,"column":8},"end":{"line":286,"column":9},"skip":true},"57":{"start":{"line":259,"column":12},"end":{"line":269,"column":14},"skip":true},"58":{"start":{"line":271,"column":12},"end":{"line":285,"column":19},"skip":true},"59":{"start":{"line":274,"column":20},"end":{"line":274,"column":35},"skip":true},"60":{"start":{"line":275,"column":20},"end":{"line":284,"column":21},"skip":true},"61":{"start":{"line":277,"column":24},"end":{"line":277,"column":64},"skip":true},"62":{"start":{"line":279,"column":24},"end":{"line":279,"column":40},"skip":true},"63":{"start":{"line":281,"column":24},"end":{"line":281,"column":40},"skip":true},"64":{"start":{"line":283,"column":24},"end":{"line":283,"column":39},"skip":true},"65":{"start":{"line":288,"column":8},"end":{"line":290,"column":9},"skip":true},"66":{"start":{"line":289,"column":12},"end":{"line":289,"column":18},"skip":true},"67":{"start":{"line":291,"column":8},"end":{"line":293,"column":54},"skip":true},"68":{"start":{"line":296,"column":8},"end":{"line":301,"column":37},"skip":true},"69":{"start":{"line":303,"column":8},"end":{"line":303,"column":82},"skip":true},"70":{"start":{"line":306,"column":8},"end":{"line":308,"column":9},"skip":true},"71":{"start":{"line":307,"column":12},"end":{"line":307,"column":82},"skip":true},"72":{"start":{"line":310,"column":8},"end":{"line":312,"column":9},"skip":true},"73":{"start":{"line":311,"column":12},"end":{"line":311,"column":18},"skip":true},"74":{"start":{"line":313,"column":8},"end":{"line":313,"column":54},"skip":true},"75":{"start":{"line":314,"column":8},"end":{"line":314,"column":69},"skip":true},"76":{"start":{"line":315,"column":8},"end":{"line":323,"column":36},"skip":true},"77":{"start":{"line":316,"column":12},"end":{"line":316,"column":61},"skip":true},"78":{"start":{"line":317,"column":12},"end":{"line":320,"column":13},"skip":true},"79":{"start":{"line":318,"column":16},"end":{"line":318,"column":75},"skip":true},"80":{"start":{"line":319,"column":16},"end":{"line":319,"column":23},"skip":true},"81":{"start":{"line":321,"column":12},"end":{"line":321,"column":38},"skip":true},"82":{"start":{"line":322,"column":12},"end":{"line":322,"column":27},"skip":true},"83":{"start":{"line":324,"column":8},"end":{"line":324,"column":14},"skip":true}},"branchMap":{"1":{"line":39,"type":"binary-expr","locations":[{"start":{"line":39,"column":23},"end":{"line":39,"column":62}},{"start":{"line":40,"column":20},"end":{"line":40,"column":70}},{"start":{"line":41,"column":20},"end":{"line":41,"column":71}},{"start":{"line":42,"column":20},"end":{"line":42,"column":29}}]},"2":{"line":44,"type":"binary-expr","locations":[{"start":{"line":44,"column":23},"end":{"line":44,"column":37}},{"start":{"line":45,"column":20},"end":{"line":45,"column":61}},{"start":{"line":46,"column":20},"end":{"line":46,"column":70}},{"start":{"line":47,"column":20},"end":{"line":47,"column":26}}]},"3":{"line":51,"type":"cond-expr","locations":[{"start":{"line":52,"column":14},"end":{"line":52,"column":20}},{"start":{"line":53,"column":14},"end":{"line":53,"column":20}}]},"4":{"line":55,"type":"binary-expr","locations":[{"start":{"line":55,"column":16},"end":{"line":55,"column":44}},{"start":{"line":55,"column":49},"end":{"line":57,"column":43}}]},"5":{"line":55,"type":"cond-expr","locations":[{"start":{"line":56,"column":14},"end":{"line":56,"column":72}},{"start":{"line":57,"column":14},"end":{"line":57,"column":43}}]},"6":{"line":61,"type":"switch","locations":[{"start":{"line":68,"column":4},"end":{"line":150,"column":14},"skip":true},{"start":{"line":156,"column":4},"end":{"line":324,"column":14},"skip":true}]},"7":{"line":70,"type":"if","locations":[{"start":{"line":70,"column":12},"end":{"line":70,"column":12},"skip":true},{"start":{"line":70,"column":12},"end":{"line":70,"column":12},"skip":true}]},"8":{"line":70,"type":"binary-expr","locations":[{"start":{"line":70,"column":16},"end":{"line":70,"column":22},"skip":true},{"start":{"line":70,"column":27},"end":{"line":70,"column":32},"skip":true},{"start":{"line":71,"column":20},"end":{"line":71,"column":39},"skip":true},{"start":{"line":72,"column":20},"end":{"line":72,"column":49},"skip":true},{"start":{"line":73,"column":20},"end":{"line":73,"column":58},"skip":true},{"start":{"line":74,"column":20},"end":{"line":74,"column":69},"skip":true}]},"9":{"line":79,"type":"switch","locations":[{"start":{"line":80,"column":20},"end":{"line":80,"column":33},"skip":true},{"start":{"line":81,"column":20},"end":{"line":83,"column":30},"skip":true},{"start":{"line":84,"column":20},"end":{"line":85,"column":49},"skip":true}]},"10":{"line":89,"type":"switch","locations":[{"start":{"line":90,"column":12},"end":{"line":103,"column":22},"skip":true},{"start":{"line":105,"column":12},"end":{"line":106,"column":22},"skip":true}]},"11":{"line":89,"type":"binary-expr","locations":[{"start":{"line":89,"column":20},"end":{"line":89,"column":25},"skip":true},{"start":{"line":89,"column":29},"end":{"line":89,"column":48},"skip":true},{"start":{"line":89,"column":52},"end":{"line":89,"column":74},"skip":true}]},"12":{"line":92,"type":"if","locations":[{"start":{"line":92,"column":16},"end":{"line":92,"column":16},"skip":true},{"start":{"line":92,"column":16},"end":{"line":92,"column":16},"skip":true}]},"13":{"line":108,"type":"if","locations":[{"start":{"line":108,"column":12},"end":{"line":108,"column":12},"skip":true},{"start":{"line":108,"column":12},"end":{"line":108,"column":12},"skip":true}]},"14":{"line":108,"type":"binary-expr","locations":[{"start":{"line":108,"column":16},"end":{"line":108,"column":61},"skip":true},{"start":{"line":108,"column":66},"end":{"line":108,"column":72},"skip":true},{"start":{"line":108,"column":77},"end":{"line":108,"column":82},"skip":true},{"start":{"line":109,"column":20},"end":{"line":109,"column":39},"skip":true},{"start":{"line":110,"column":20},"end":{"line":110,"column":49},"skip":true},{"start":{"line":111,"column":20},"end":{"line":111,"column":58},"skip":true},{"start":{"line":112,"column":20},"end":{"line":112,"column":68},"skip":true}]},"15":{"line":129,"type":"if","locations":[{"start":{"line":129,"column":16},"end":{"line":129,"column":16},"skip":true},{"start":{"line":129,"column":16},"end":{"line":129,"column":16},"skip":true}]},"16":{"line":134,"type":"cond-expr","locations":[{"start":{"line":135,"column":26},"end":{"line":135,"column":29},"skip":true},{"start":{"line":136,"column":26},"end":{"line":136,"column":54},"skip":true}]},"17":{"line":164,"type":"binary-expr","locations":[{"start":{"line":164,"column":27},"end":{"line":164,"column":43},"skip":true},{"start":{"line":164,"column":47},"end":{"line":164,"column":49},"skip":true}]},"18":{"line":258,"type":"if","locations":[{"start":{"line":258,"column":8},"end":{"line":258,"column":8},"skip":true},{"start":{"line":258,"column":8},"end":{"line":258,"column":8},"skip":true}]},"19":{"line":275,"type":"switch","locations":[{"start":{"line":276,"column":20},"end":{"line":277,"column":64},"skip":true},{"start":{"line":278,"column":20},"end":{"line":279,"column":40},"skip":true},{"start":{"line":280,"column":20},"end":{"line":281,"column":40},"skip":true},{"start":{"line":282,"column":20},"end":{"line":283,"column":39},"skip":true}]},"20":{"line":288,"type":"if","locations":[{"start":{"line":288,"column":8},"end":{"line":288,"column":8},"skip":true},{"start":{"line":288,"column":8},"end":{"line":288,"column":8},"skip":true}]},"21":{"line":288,"type":"binary-expr","locations":[{"start":{"line":288,"column":12},"end":{"line":288,"column":40},"skip":true},{"start":{"line":288,"column":44},"end":{"line":288,"column":67},"skip":true}]},"22":{"line":292,"type":"binary-expr","locations":[{"start":{"line":292,"column":12},"end":{"line":292,"column":50},"skip":true},{"start":{"line":293,"column":12},"end":{"line":293,"column":53},"skip":true}]},"23":{"line":297,"type":"binary-expr","locations":[{"start":{"line":297,"column":12},"end":{"line":297,"column":86},"skip":true},{"start":{"line":298,"column":12},"end":{"line":301,"column":36},"skip":true}]},"24":{"line":303,"type":"binary-expr","locations":[{"start":{"line":303,"column":43},"end":{"line":303,"column":75},"skip":true},{"start":{"line":303,"column":79},"end":{"line":303,"column":81},"skip":true}]},"25":{"line":306,"type":"if","locations":[{"start":{"line":306,"column":8},"end":{"line":306,"column":8},"skip":true},{"start":{"line":306,"column":8},"end":{"line":306,"column":8},"skip":true}]},"26":{"line":310,"type":"if","locations":[{"start":{"line":310,"column":8},"end":{"line":310,"column":8},"skip":true},{"start":{"line":310,"column":8},"end":{"line":310,"column":8},"skip":true}]},"27":{"line":313,"type":"binary-expr","locations":[{"start":{"line":313,"column":27},"end":{"line":313,"column":43},"skip":true},{"start":{"line":313,"column":47},"end":{"line":313,"column":53},"skip":true}]},"28":{"line":317,"type":"if","locations":[{"start":{"line":317,"column":12},"end":{"line":317,"column":12},"skip":true},{"start":{"line":317,"column":12},"end":{"line":317,"column":12},"skip":true}]}},"code":["/*","example.js","","quickstart example","","instruction","    1. save this script as example.js","    2. run the shell command:","        $ npm install npmtest-cordova-plugin-media-capture && PORT=8081 node example.js","    3. play with the browser-demo on http://127.0.0.1:8081","*/","","","","/* istanbul instrument in package npmtest_cordova_plugin_media_capture */","/*jslint","    bitwise: true,","    browser: true,","    maxerr: 8,","    maxlen: 96,","    node: true,","    nomen: true,","    regexp: true,","    stupid: true","*/","(function () {","    'use strict';","    var local;","","","","    // run shared js-env code - pre-init","    (function () {","        // init local","        local = {};","        // init modeJs","        local.modeJs = (function () {","            try {","                return typeof navigator.userAgent === 'string' &&","                    typeof document.querySelector('body') === 'object' &&","                    typeof XMLHttpRequest.prototype.open === 'function' &&","                    'browser';","            } catch (errorCaughtBrowser) {","                return module.exports &&","                    typeof process.versions.node === 'string' &&","                    typeof require('http').createServer === 'function' &&","                    'node';","            }","        }());","        // init global","        local.global = local.modeJs === 'browser'","            ? window","            : global;","        // init utility2_rollup","        local = local.global.utility2_rollup || (local.modeJs === 'browser'","            ? local.global.utility2_npmtest_cordova_plugin_media_capture","            : global.utility2_moduleExports);","        // export local","        local.global.local = local;","    }());","    switch (local.modeJs) {","","","","    // post-init","    // run browser js-env code - post-init","    /* istanbul ignore next */","    case 'browser':","        local.testRunBrowser = function (event) {","            if (!event || (event &&","                    event.currentTarget &&","                    event.currentTarget.className &&","                    event.currentTarget.className.includes &&","                    event.currentTarget.className.includes('onreset'))) {","                // reset output","                Array.from(","                    document.querySelectorAll('body > .resettable')","                ).forEach(function (element) {","                    switch (element.tagName) {","                    case 'INPUT':","                    case 'TEXTAREA':","                        element.value = '';","                        break;","                    default:","                        element.textContent = '';","                    }","                });","            }","            switch (event && event.currentTarget && event.currentTarget.id) {","            case 'testRunButton1':","                // show tests","                if (document.querySelector('#testReportDiv1').style.display === 'none') {","                    document.querySelector('#testReportDiv1').style.display = 'block';","                    document.querySelector('#testRunButton1').textContent =","                        'hide internal test';","                    local.modeTest = true;","                    local.testRunDefault(local);","                // hide tests","                } else {","                    document.querySelector('#testReportDiv1').style.display = 'none';","                    document.querySelector('#testRunButton1').textContent = 'run internal test';","                }","                break;","            // custom-case","            default:","                break;","            }","            if (document.querySelector('#inputTextareaEval1') && (!event || (event &&","                    event.currentTarget &&","                    event.currentTarget.className &&","                    event.currentTarget.className.includes &&","                    event.currentTarget.className.includes('oneval')))) {","                // try to eval input-code","                try {","                    /*jslint evil: true*/","                    eval(document.querySelector('#inputTextareaEval1').value);","                } catch (errorCaught) {","                    console.error(errorCaught);","                }","            }","        };","        // log stderr and stdout to #outputTextareaStdout1","        ['error', 'log'].forEach(function (key) {","            console[key + '_original'] = console[key];","            console[key] = function () {","                var element;","                console[key + '_original'].apply(console, arguments);","                element = document.querySelector('#outputTextareaStdout1');","                if (!element) {","                    return;","                }","                // append text to #outputTextareaStdout1","                element.value += Array.from(arguments).map(function (arg) {","                    return typeof arg === 'string'","                        ? arg","                        : JSON.stringify(arg, null, 4);","                }).join(' ') + '\\n';","                // scroll textarea to bottom","                element.scrollTop = element.scrollHeight;","            };","        });","        // init event-handling","        ['change', 'click', 'keyup'].forEach(function (event) {","            Array.from(document.querySelectorAll('.on' + event)).forEach(function (element) {","                element.addEventListener(event, local.testRunBrowser);","            });","        });","        // run tests","        local.testRunBrowser();","        break;","","","","    // run node js-env code - post-init","    /* istanbul ignore next */","    case 'node':","        // export local","        module.exports = local;","        // require modules","        local.fs = require('fs');","        local.http = require('http');","        local.url = require('url');","        // init assets","        local.assetsDict = local.assetsDict || {};","        /* jslint-ignore-begin */","        local.assetsDict['/assets.index.template.html'] = '\\","<!doctype html>\\n\\","<html lang=\"en\">\\n\\","<head>\\n\\","<meta charset=\"UTF-8\">\\n\\","<meta name=\"viewport\" content=\"width=device-width, initial-scale=1\">\\n\\","<title>{{env.npm_package_name}} (v{{env.npm_package_version}})</title>\\n\\","<style>\\n\\","/*csslint\\n\\","    box-sizing: false,\\n\\","    universal-selector: false\\n\\","*/\\n\\","* {\\n\\","    box-sizing: border-box;\\n\\","}\\n\\","body {\\n\\","    background: #dde;\\n\\","    font-family: Arial, Helvetica, sans-serif;\\n\\","    margin: 2rem;\\n\\","}\\n\\","body > * {\\n\\","    margin-bottom: 1rem;\\n\\","}\\n\\",".utility2FooterDiv {\\n\\","    margin-top: 20px;\\n\\","    text-align: center;\\n\\","}\\n\\","</style>\\n\\","<style>\\n\\","/*csslint\\n\\","*/\\n\\","textarea {\\n\\","    font-family: monospace;\\n\\","    height: 10rem;\\n\\","    width: 100%;\\n\\","}\\n\\","textarea[readonly] {\\n\\","    background: #ddd;\\n\\","}\\n\\","</style>\\n\\","</head>\\n\\","<body>\\n\\","<!-- utility2-comment\\n\\","<div id=\"ajaxProgressDiv1\" style=\"background: #d00; height: 2px; left: 0; margin: 0; padding: 0; position: fixed; top: 0; transition: background 0.5s, width 1.5s; width: 25%;\"></div>\\n\\","utility2-comment -->\\n\\","<h1>\\n\\","<!-- utility2-comment\\n\\","    <a\\n\\","        {{#if env.npm_package_homepage}}\\n\\","        href=\"{{env.npm_package_homepage}}\"\\n\\","        {{/if env.npm_package_homepage}}\\n\\","        target=\"_blank\"\\n\\","    >\\n\\","utility2-comment -->\\n\\","        {{env.npm_package_name}} (v{{env.npm_package_version}})\\n\\","<!-- utility2-comment\\n\\","    </a>\\n\\","utility2-comment -->\\n\\","</h1>\\n\\","<h3>{{env.npm_package_description}}</h3>\\n\\","<!-- utility2-comment\\n\\","<h4><a download href=\"assets.app.js\">download standalone app</a></h4>\\n\\","<button class=\"onclick onreset\" id=\"testRunButton1\">run internal test</button><br>\\n\\","<div id=\"testReportDiv1\" style=\"display: none;\"></div>\\n\\","utility2-comment -->\\n\\","\\n\\","\\n\\","\\n\\","<label>stderr and stdout</label>\\n\\","<textarea class=\"resettable\" id=\"outputTextareaStdout1\" readonly></textarea>\\n\\","<!-- utility2-comment\\n\\","{{#if isRollup}}\\n\\","<script src=\"assets.app.js\"></script>\\n\\","{{#unless isRollup}}\\n\\","utility2-comment -->\\n\\","<script src=\"assets.utility2.rollup.js\"></script>\\n\\","<script src=\"jsonp.utility2._stateInit?callback=window.utility2._stateInit\"></script>\\n\\","<script src=\"assets.npmtest_cordova_plugin_media_capture.rollup.js\"></script>\\n\\","<script src=\"assets.example.js\"></script>\\n\\","<script src=\"assets.test.js\"></script>\\n\\","<!-- utility2-comment\\n\\","{{/if isRollup}}\\n\\","utility2-comment -->\\n\\","<div class=\"utility2FooterDiv\">\\n\\","    [ this app was created with\\n\\","    <a href=\"https://github.com/kaizhu256/node-utility2\" target=\"_blank\">utility2</a>\\n\\","    ]\\n\\","</div>\\n\\","</body>\\n\\","</html>\\n\\","';","        /* jslint-ignore-end */","        if (local.templateRender) {","            local.assetsDict['/'] = local.templateRender(","                local.assetsDict['/assets.index.template.html'],","                {","                    env: local.objectSetDefault(local.env, {","                        npm_package_description: 'the greatest app in the world!',","                        npm_package_name: 'my-app',","                        npm_package_nameAlias: 'my_app',","                        npm_package_version: '0.0.1'","                    })","                }","            );","        } else {","            local.assetsDict['/'] = local.assetsDict['/assets.index.template.html']","                .replace((/\\{\\{env\\.(\\w+?)\\}\\}/g), function (match0, match1) {","                    // jslint-hack","                    String(match0);","                    switch (match1) {","                    case 'npm_package_description':","                        return 'the greatest app in the world!';","                    case 'npm_package_name':","                        return 'my-app';","                    case 'npm_package_nameAlias':","                        return 'my_app';","                    case 'npm_package_version':","                        return '0.0.1';","                    }","                });","        }","        // run the cli","        if (local.global.utility2_rollup || module !== require.main) {","            break;","        }","        local.assetsDict['/assets.example.js'] =","            local.assetsDict['/assets.example.js'] ||","            local.fs.readFileSync(__filename, 'utf8');","        // bug-workaround - long $npm_package_buildCustomOrg","        /* jslint-ignore-begin */","        local.assetsDict['/assets.npmtest_cordova_plugin_media_capture.rollup.js'] =","            local.assetsDict['/assets.npmtest_cordova_plugin_media_capture.rollup.js'] ||","            local.fs.readFileSync(","                local.npmtest_cordova_plugin_media_capture.__dirname + '/lib.npmtest_cordova_plugin_media_capture.js',","                'utf8'","            ).replace((/^#!/), '//');","        /* jslint-ignore-end */","        local.assetsDict['/favicon.ico'] = local.assetsDict['/favicon.ico'] || '';","        // if $npm_config_timeout_exit exists,","        // then exit this process after $npm_config_timeout_exit ms","        if (Number(process.env.npm_config_timeout_exit)) {","            setTimeout(process.exit, Number(process.env.npm_config_timeout_exit));","        }","        // start server","        if (local.global.utility2_serverHttp1) {","            break;","        }","        process.env.PORT = process.env.PORT || '8081';","        console.error('server starting on port ' + process.env.PORT);","        local.http.createServer(function (request, response) {","            request.urlParsed = local.url.parse(request.url);","            if (local.assetsDict[request.urlParsed.pathname] !== undefined) {","                response.end(local.assetsDict[request.urlParsed.pathname]);","                return;","            }","            response.statusCode = 404;","            response.end();","        }).listen(process.env.PORT);","        break;","    }","}());",""],"l":{"26":2,"28":2,"33":2,"35":2,"37":2,"38":2,"39":2,"44":1,"51":2,"55":2,"59":2,"61":2,"69":1,"70":2,"76":2,"79":2,"82":2,"83":2,"85":1,"89":2,"92":1,"93":1,"94":1,"96":1,"97":1,"100":1,"101":1,"103":1,"106":1,"108":2,"114":1,"116":1,"118":1,"123":1,"124":2,"125":2,"126":3,"127":3,"128":3,"129":3,"130":1,"133":3,"134":3,"139":3,"143":1,"144":3,"145":1,"149":1,"150":1,"158":1,"160":1,"161":1,"162":1,"164":1,"166":1,"258":1,"259":1,"271":1,"274":6,"275":6,"277":1,"279":2,"281":1,"283":2,"288":1,"289":1,"291":1,"296":1,"303":1,"306":1,"307":1,"310":1,"311":1,"313":1,"314":1,"315":1,"316":1,"317":1,"318":1,"319":1,"321":1,"322":1,"324":1}},"/home/travis/build/npmtest/node-npmtest-cordova-plugin-media-capture/node_modules/cordova-plugin-media-capture/www/CaptureAudioOptions.js":{"path":"/home/travis/build/npmtest/node-npmtest-cordova-plugin-media-capture/node_modules/cordova-plugin-media-capture/www/CaptureAudioOptions.js","s":{"1":1,"2":0,"3":0,"4":1},"b":{},"f":{"1":0},"fnMap":{"1":{"name":"(anonymous_1)","line":25,"loc":{"start":{"line":25,"column":26},"end":{"line":25,"column":36}}}},"statementMap":{"1":{"start":{"line":25,"column":0},"end":{"line":30,"column":2}},"2":{"start":{"line":27,"column":4},"end":{"line":27,"column":19}},"3":{"start":{"line":29,"column":4},"end":{"line":29,"column":22}},"4":{"start":{"line":32,"column":0},"end":{"line":32,"column":37}}},"branchMap":{},"code":["/*"," *"," * Licensed to the Apache Software Foundation (ASF) under one"," * or more contributor license agreements.  See the NOTICE file"," * distributed with this work for additional information"," * regarding copyright ownership.  The ASF licenses this file"," * to you under the Apache License, Version 2.0 (the"," * \"License\"); you may not use this file except in compliance"," * with the License.  You may obtain a copy of the License at"," *"," *   http://www.apache.org/licenses/LICENSE-2.0"," *"," * Unless required by applicable law or agreed to in writing,"," * software distributed under the License is distributed on an"," * \"AS IS\" BASIS, WITHOUT WARRANTIES OR CONDITIONS OF ANY"," * KIND, either express or implied.  See the License for the"," * specific language governing permissions and limitations"," * under the License."," *","*/","","/**"," * Encapsulates all audio capture operation configuration options."," */","var CaptureAudioOptions = function(){","    // Upper limit of sound clips user can record. Value must be equal or greater than 1.","    this.limit = 1;","    // Maximum duration of a single sound clip in seconds.","    this.duration = 0;","};","","module.exports = CaptureAudioOptions;",""],"l":{"25":1,"27":0,"29":0,"32":1}},"/home/travis/build/npmtest/node-npmtest-cordova-plugin-media-capture/node_modules/cordova-plugin-media-capture/www/CaptureError.js":{"path":"/home/travis/build/npmtest/node-npmtest-cordova-plugin-media-capture/node_modules/cordova-plugin-media-capture/www/CaptureError.js","s":{"1":1,"2":0,"3":1,"4":1,"5":1,"6":1,"7":1,"8":1,"9":1},"b":{"1":[0,0]},"f":{"1":0},"fnMap":{"1":{"name":"(anonymous_1)","line":25,"loc":{"start":{"line":25,"column":19},"end":{"line":25,"column":31}}}},"statementMap":{"1":{"start":{"line":25,"column":0},"end":{"line":27,"column":2}},"2":{"start":{"line":26,"column":3},"end":{"line":26,"column":25}},"3":{"start":{"line":30,"column":0},"end":{"line":30,"column":38}},"4":{"start":{"line":32,"column":0},"end":{"line":32,"column":42}},"5":{"start":{"line":34,"column":0},"end":{"line":34,"column":42}},"6":{"start":{"line":36,"column":0},"end":{"line":36,"column":40}},"7":{"start":{"line":38,"column":0},"end":{"line":38,"column":43}},"8":{"start":{"line":40,"column":0},"end":{"line":40,"column":40}},"9":{"start":{"line":42,"column":0},"end":{"line":42,"column":30}}},"branchMap":{"1":{"line":26,"type":"binary-expr","locations":[{"start":{"line":26,"column":15},"end":{"line":26,"column":16}},{"start":{"line":26,"column":20},"end":{"line":26,"column":24}}]}},"code":["/*"," *"," * Licensed to the Apache Software Foundation (ASF) under one"," * or more contributor license agreements.  See the NOTICE file"," * distributed with this work for additional information"," * regarding copyright ownership.  The ASF licenses this file"," * to you under the Apache License, Version 2.0 (the"," * \"License\"); you may not use this file except in compliance"," * with the License.  You may obtain a copy of the License at"," *"," *   http://www.apache.org/licenses/LICENSE-2.0"," *"," * Unless required by applicable law or agreed to in writing,"," * software distributed under the License is distributed on an"," * \"AS IS\" BASIS, WITHOUT WARRANTIES OR CONDITIONS OF ANY"," * KIND, either express or implied.  See the License for the"," * specific language governing permissions and limitations"," * under the License."," *","*/","","/**"," * The CaptureError interface encapsulates all errors in the Capture API."," */","var CaptureError = function(c) {","   this.code = c || null;","};","","// Camera or microphone failed to capture image or sound.","CaptureError.CAPTURE_INTERNAL_ERR = 0;","// Camera application or audio capture application is currently serving other capture request.","CaptureError.CAPTURE_APPLICATION_BUSY = 1;","// Invalid use of the API (e.g. limit parameter has value less than one).","CaptureError.CAPTURE_INVALID_ARGUMENT = 2;","// User exited camera application or audio capture application before capturing anything.","CaptureError.CAPTURE_NO_MEDIA_FILES = 3;","// User denied permissions required to perform the capture request.","CaptureError.CAPTURE_PERMISSION_DENIED = 4;","// The requested capture operation is not supported.","CaptureError.CAPTURE_NOT_SUPPORTED = 20;","","module.exports = CaptureError;",""],"l":{"25":1,"26":0,"30":1,"32":1,"34":1,"36":1,"38":1,"40":1,"42":1}},"/home/travis/build/npmtest/node-npmtest-cordova-plugin-media-capture/node_modules/cordova-plugin-media-capture/www/CaptureImageOptions.js":{"path":"/home/travis/build/npmtest/node-npmtest-cordova-plugin-media-capture/node_modules/cordova-plugin-media-capture/www/CaptureImageOptions.js","s":{"1":1,"2":0,"3":1},"b":{},"f":{"1":0},"fnMap":{"1":{"name":"(anonymous_1)","line":25,"loc":{"start":{"line":25,"column":26},"end":{"line":25,"column":36}}}},"statementMap":{"1":{"start":{"line":25,"column":0},"end":{"line":28,"column":2}},"2":{"start":{"line":27,"column":4},"end":{"line":27,"column":19}},"3":{"start":{"line":30,"column":0},"end":{"line":30,"column":37}}},"branchMap":{},"code":["/*"," *"," * Licensed to the Apache Software Foundation (ASF) under one"," * or more contributor license agreements.  See the NOTICE file"," * distributed with this work for additional information"," * regarding copyright ownership.  The ASF licenses this file"," * to you under the Apache License, Version 2.0 (the"," * \"License\"); you may not use this file except in compliance"," * with the License.  You may obtain a copy of the License at"," *"," *   http://www.apache.org/licenses/LICENSE-2.0"," *"," * Unless required by applicable law or agreed to in writing,"," * software distributed under the License is distributed on an"," * \"AS IS\" BASIS, WITHOUT WARRANTIES OR CONDITIONS OF ANY"," * KIND, either express or implied.  See the License for the"," * specific language governing permissions and limitations"," * under the License."," *","*/","","/**"," * Encapsulates all image capture operation configuration options."," */","var CaptureImageOptions = function(){","    // Upper limit of images user can take. Value must be equal or greater than 1.","    this.limit = 1;","};","","module.exports = CaptureImageOptions;",""],"l":{"25":1,"27":0,"30":1}},"/home/travis/build/npmtest/node-npmtest-cordova-plugin-media-capture/node_modules/cordova-plugin-media-capture/www/capture.js":{"path":"/home/travis/build/npmtest/node-npmtest-cordova-plugin-media-capture/node_modules/cordova-plugin-media-capture/www/capture.js","s":{"1":2,"2":1,"3":0,"4":0,"5":0,"6":1,"7":0,"8":0,"9":0,"10":0,"11":0,"12":0,"13":0,"14":0,"15":0,"16":0},"b":{},"f":{"1":0,"2":0,"3":0,"4":0,"5":0,"6":0},"fnMap":{"1":{"name":"_capture","line":33,"loc":{"start":{"line":33,"column":0},"end":{"line":33,"column":65}}},"2":{"name":"(anonymous_2)","line":34,"loc":{"start":{"line":34,"column":14},"end":{"line":34,"column":37}}},"3":{"name":"Capture","line":44,"loc":{"start":{"line":44,"column":0},"end":{"line":44,"column":19}}},"4":{"name":"(anonymous_4)","line":57,"loc":{"start":{"line":57,"column":33},"end":{"line":57,"column":82}}},"5":{"name":"(anonymous_5)","line":68,"loc":{"start":{"line":68,"column":33},"end":{"line":68,"column":82}}},"6":{"name":"(anonymous_6)","line":79,"loc":{"start":{"line":79,"column":33},"end":{"line":79,"column":82}}}},"statementMap":{"1":{"start":{"line":22,"column":0},"end":{"line":23,"column":35}},"2":{"start":{"line":33,"column":0},"end":{"line":38,"column":1}},"3":{"start":{"line":34,"column":4},"end":{"line":36,"column":6}},"4":{"start":{"line":35,"column":8},"end":{"line":35,"column":62}},"5":{"start":{"line":37,"column":4},"end":{"line":37,"column":57}},"6":{"start":{"line":44,"column":0},"end":{"line":48,"column":1}},"7":{"start":{"line":45,"column":4},"end":{"line":45,"column":34}},"8":{"start":{"line":46,"column":4},"end":{"line":46,"column":34}},"9":{"start":{"line":47,"column":4},"end":{"line":47,"column":34}},"10":{"start":{"line":57,"column":0},"end":{"line":59,"column":2}},"11":{"start":{"line":58,"column":4},"end":{"line":58,"column":70}},"12":{"start":{"line":68,"column":0},"end":{"line":70,"column":2}},"13":{"start":{"line":69,"column":4},"end":{"line":69,"column":70}},"14":{"start":{"line":79,"column":0},"end":{"line":81,"column":2}},"15":{"start":{"line":80,"column":4},"end":{"line":80,"column":70}},"16":{"start":{"line":84,"column":0},"end":{"line":84,"column":31}}},"branchMap":{},"code":["/*"," *"," * Licensed to the Apache Software Foundation (ASF) under one"," * or more contributor license agreements.  See the NOTICE file"," * distributed with this work for additional information"," * regarding copyright ownership.  The ASF licenses this file"," * to you under the Apache License, Version 2.0 (the"," * \"License\"); you may not use this file except in compliance"," * with the License.  You may obtain a copy of the License at"," *"," *   http://www.apache.org/licenses/LICENSE-2.0"," *"," * Unless required by applicable law or agreed to in writing,"," * software distributed under the License is distributed on an"," * \"AS IS\" BASIS, WITHOUT WARRANTIES OR CONDITIONS OF ANY"," * KIND, either express or implied.  See the License for the"," * specific language governing permissions and limitations"," * under the License."," *","*/","","var exec = require('cordova/exec'),","    helpers = require('./helpers');","","/**"," * Launches a capture of different types."," *"," * @param (DOMString} type"," * @param {Function} successCB"," * @param {Function} errorCB"," * @param {CaptureVideoOptions} options"," */","function _capture(type, successCallback, errorCallback, options) {","    var win = function(pluginResult) {","        successCallback(helpers.wrapMediaFiles(pluginResult));","    };","    exec(win, errorCallback, \"Capture\", type, [options]);","}","","","/**"," * The Capture interface exposes an interface to the camera and microphone of the hosting device."," */","function Capture() {","    this.supportedAudioModes = [];","    this.supportedImageModes = [];","    this.supportedVideoModes = [];","}","","/**"," * Launch audio recorder application for recording audio clip(s)."," *"," * @param {Function} successCB"," * @param {Function} errorCB"," * @param {CaptureAudioOptions} options"," */","Capture.prototype.captureAudio = function(successCallback, errorCallback, options){","    _capture(\"captureAudio\", successCallback, errorCallback, options);","};","","/**"," * Launch camera application for taking image(s)."," *"," * @param {Function} successCB"," * @param {Function} errorCB"," * @param {CaptureImageOptions} options"," */","Capture.prototype.captureImage = function(successCallback, errorCallback, options){","    _capture(\"captureImage\", successCallback, errorCallback, options);","};","","/**"," * Launch device camera application for recording video(s)."," *"," * @param {Function} successCB"," * @param {Function} errorCB"," * @param {CaptureVideoOptions} options"," */","Capture.prototype.captureVideo = function(successCallback, errorCallback, options){","    _capture(\"captureVideo\", successCallback, errorCallback, options);","};","","","module.exports = new Capture();",""],"l":{"22":2,"33":1,"34":0,"35":0,"37":0,"44":1,"45":0,"46":0,"47":0,"57":0,"58":0,"68":0,"69":0,"79":0,"80":0,"84":0}},"/home/travis/build/npmtest/node-npmtest-cordova-plugin-media-capture/node_modules/cordova-plugin-media-capture/www/CaptureVideoOptions.js":{"path":"/home/travis/build/npmtest/node-npmtest-cordova-plugin-media-capture/node_modules/cordova-plugin-media-capture/www/CaptureVideoOptions.js","s":{"1":1,"2":0,"3":0,"4":0,"5":1},"b":{},"f":{"1":0},"fnMap":{"1":{"name":"(anonymous_1)","line":25,"loc":{"start":{"line":25,"column":26},"end":{"line":25,"column":36}}}},"statementMap":{"1":{"start":{"line":25,"column":0},"end":{"line":32,"column":2}},"2":{"start":{"line":27,"column":4},"end":{"line":27,"column":19}},"3":{"start":{"line":29,"column":4},"end":{"line":29,"column":22}},"4":{"start":{"line":31,"column":4},"end":{"line":31,"column":21}},"5":{"start":{"line":34,"column":0},"end":{"line":34,"column":37}}},"branchMap":{},"code":["/*"," *"," * Licensed to the Apache Software Foundation (ASF) under one"," * or more contributor license agreements.  See the NOTICE file"," * distributed with this work for additional information"," * regarding copyright ownership.  The ASF licenses this file"," * to you under the Apache License, Version 2.0 (the"," * \"License\"); you may not use this file except in compliance"," * with the License.  You may obtain a copy of the License at"," *"," *   http://www.apache.org/licenses/LICENSE-2.0"," *"," * Unless required by applicable law or agreed to in writing,"," * software distributed under the License is distributed on an"," * \"AS IS\" BASIS, WITHOUT WARRANTIES OR CONDITIONS OF ANY"," * KIND, either express or implied.  See the License for the"," * specific language governing permissions and limitations"," * under the License."," *","*/","","/**"," * Encapsulates all video capture operation configuration options."," */","var CaptureVideoOptions = function(){","    // Upper limit of videos user can record. Value must be equal or greater than 1.","    this.limit = 1;","    // Maximum duration of a single video clip in seconds.","    this.duration = 0;","    // Video quality parameter, 0 means low quality, suitable for MMS messages, and value 1 means high quality.","    this.quality = 1;","};","","module.exports = CaptureVideoOptions;",""],"l":{"25":1,"27":0,"29":0,"31":0,"34":1}},"/home/travis/build/npmtest/node-npmtest-cordova-plugin-media-capture/node_modules/cordova-plugin-media-capture/www/ConfigurationData.js":{"path":"/home/travis/build/npmtest/node-npmtest-cordova-plugin-media-capture/node_modules/cordova-plugin-media-capture/www/ConfigurationData.js","s":{"1":1,"2":0,"3":0,"4":0,"5":1},"b":{},"f":{"1":0},"fnMap":{"1":{"name":"ConfigurationData","line":25,"loc":{"start":{"line":25,"column":0},"end":{"line":25,"column":29}}}},"statementMap":{"1":{"start":{"line":25,"column":0},"end":{"line":34,"column":1}},"2":{"start":{"line":27,"column":4},"end":{"line":27,"column":21}},"3":{"start":{"line":30,"column":4},"end":{"line":30,"column":20}},"4":{"start":{"line":33,"column":4},"end":{"line":33,"column":19}},"5":{"start":{"line":36,"column":0},"end":{"line":36,"column":35}}},"branchMap":{},"code":["/*"," *"," * Licensed to the Apache Software Foundation (ASF) under one"," * or more contributor license agreements.  See the NOTICE file"," * distributed with this work for additional information"," * regarding copyright ownership.  The ASF licenses this file"," * to you under the Apache License, Version 2.0 (the"," * \"License\"); you may not use this file except in compliance"," * with the License.  You may obtain a copy of the License at"," *"," *   http://www.apache.org/licenses/LICENSE-2.0"," *"," * Unless required by applicable law or agreed to in writing,"," * software distributed under the License is distributed on an"," * \"AS IS\" BASIS, WITHOUT WARRANTIES OR CONDITIONS OF ANY"," * KIND, either express or implied.  See the License for the"," * specific language governing permissions and limitations"," * under the License."," *","*/","","/**"," * Encapsulates a set of parameters that the capture device supports."," */","function ConfigurationData() {","    // The ASCII-encoded string in lower case representing the media type.","    this.type = null;","    // The height attribute represents height of the image or video in pixels.","    // In the case of a sound clip this attribute has value 0.","    this.height = 0;","    // The width attribute represents width of the image or video in pixels.","    // In the case of a sound clip this attribute has value 0","    this.width = 0;","}","","module.exports = ConfigurationData;",""],"l":{"25":1,"27":0,"30":0,"33":0,"36":1}},"/home/travis/build/npmtest/node-npmtest-cordova-plugin-media-capture/node_modules/cordova-plugin-media-capture/www/helpers.js":{"path":"/home/travis/build/npmtest/node-npmtest-cordova-plugin-media-capture/node_modules/cordova-plugin-media-capture/www/helpers.js","s":{"1":2,"2":1,"3":0,"4":0,"5":0,"6":0,"7":0,"8":0,"9":0,"10":0,"11":0,"12":0,"13":0,"14":0,"15":0},"b":{"1":[0,0]},"f":{"1":0},"fnMap":{"1":{"name":"wrapMediaFiles","line":24,"loc":{"start":{"line":24,"column":0},"end":{"line":24,"column":38}}}},"statementMap":{"1":{"start":{"line":22,"column":0},"end":{"line":22,"column":39}},"2":{"start":{"line":24,"column":0},"end":{"line":40,"column":1}},"3":{"start":{"line":25,"column":4},"end":{"line":25,"column":24}},"4":{"start":{"line":26,"column":4},"end":{"line":26,"column":10}},"5":{"start":{"line":27,"column":4},"end":{"line":38,"column":5}},"6":{"start":{"line":28,"column":8},"end":{"line":28,"column":40}},"7":{"start":{"line":29,"column":8},"end":{"line":29,"column":46}},"8":{"start":{"line":32,"column":8},"end":{"line":32,"column":82}},"9":{"start":{"line":33,"column":8},"end":{"line":33,"column":54}},"10":{"start":{"line":34,"column":8},"end":{"line":34,"column":46}},"11":{"start":{"line":35,"column":8},"end":{"line":35,"column":70}},"12":{"start":{"line":36,"column":8},"end":{"line":36,"column":46}},"13":{"start":{"line":37,"column":8},"end":{"line":37,"column":35}},"14":{"start":{"line":39,"column":4},"end":{"line":39,"column":22}},"15":{"start":{"line":42,"column":0},"end":{"line":44,"column":2}}},"branchMap":{"1":{"line":32,"type":"binary-expr","locations":[{"start":{"line":32,"column":29},"end":{"line":32,"column":53}},{"start":{"line":32,"column":57},"end":{"line":32,"column":81}}]}},"code":["/*"," *"," * Licensed to the Apache Software Foundation (ASF) under one"," * or more contributor license agreements.  See the NOTICE file"," * distributed with this work for additional information"," * regarding copyright ownership.  The ASF licenses this file"," * to you under the Apache License, Version 2.0 (the"," * \"License\"); you may not use this file except in compliance"," * with the License.  You may obtain a copy of the License at"," *"," *   http://www.apache.org/licenses/LICENSE-2.0"," *"," * Unless required by applicable law or agreed to in writing,"," * software distributed under the License is distributed on an"," * \"AS IS\" BASIS, WITHOUT WARRANTIES OR CONDITIONS OF ANY"," * KIND, either express or implied.  See the License for the"," * specific language governing permissions and limitations"," * under the License."," *","*/","","var MediaFile = require('./MediaFile');","","function wrapMediaFiles(pluginResult) {","    var mediaFiles = [];","    var i;","    for (i = 0; i < pluginResult.length; i++) {","        var mediaFile = new MediaFile();","        mediaFile.name = pluginResult[i].name;","","        // Backwards compatibility","        mediaFile.localURL = pluginResult[i].localURL || pluginResult[i].fullPath;","        mediaFile.fullPath = pluginResult[i].fullPath;","        mediaFile.type = pluginResult[i].type;","        mediaFile.lastModifiedDate = pluginResult[i].lastModifiedDate;","        mediaFile.size = pluginResult[i].size;","        mediaFiles.push(mediaFile);","    }","    return mediaFiles;","}","","module.exports = {","    wrapMediaFiles: wrapMediaFiles","};"],"l":{"22":2,"24":1,"25":0,"26":0,"27":0,"28":0,"29":0,"32":0,"33":0,"34":0,"35":0,"36":0,"37":0,"39":0,"42":0}},"/home/travis/build/npmtest/node-npmtest-cordova-plugin-media-capture/node_modules/cordova-plugin-media-capture/www/MediaFile.js":{"path":"/home/travis/build/npmtest/node-npmtest-cordova-plugin-media-capture/node_modules/cordova-plugin-media-capture/www/MediaFile.js","s":{"1":4,"2":0,"3":0,"4":0,"5":0,"6":0,"7":0,"8":0,"9":0},"b":{"1":[0,0],"2":[0,0]},"f":{"1":0,"2":0},"fnMap":{"1":{"name":"(anonymous_1)","line":35,"loc":{"start":{"line":35,"column":16},"end":{"line":35,"column":70}}},"2":{"name":"(anonymous_2)","line":47,"loc":{"start":{"line":47,"column":36},"end":{"line":47,"column":77}}}},"statementMap":{"1":{"start":{"line":22,"column":0},"end":{"line":25,"column":45}},"2":{"start":{"line":35,"column":0},"end":{"line":37,"column":2}},"3":{"start":{"line":36,"column":4},"end":{"line":36,"column":59}},"4":{"start":{"line":39,"column":0},"end":{"line":39,"column":30}},"5":{"start":{"line":47,"column":0},"end":{"line":53,"column":2}},"6":{"start":{"line":48,"column":4},"end":{"line":52,"column":5}},"7":{"start":{"line":49,"column":8},"end":{"line":49,"column":79}},"8":{"start":{"line":51,"column":8},"end":{"line":51,"column":101}},"9":{"start":{"line":55,"column":0},"end":{"line":55,"column":27}}},"branchMap":{"1":{"line":48,"type":"if","locations":[{"start":{"line":48,"column":4},"end":{"line":48,"column":4}},{"start":{"line":48,"column":4},"end":{"line":48,"column":4}}]},"2":{"line":48,"type":"binary-expr","locations":[{"start":{"line":48,"column":8},"end":{"line":48,"column":44}},{"start":{"line":48,"column":48},"end":{"line":48,"column":70}}]}},"code":["/*"," *"," * Licensed to the Apache Software Foundation (ASF) under one"," * or more contributor license agreements.  See the NOTICE file"," * distributed with this work for additional information"," * regarding copyright ownership.  The ASF licenses this file"," * to you under the Apache License, Version 2.0 (the"," * \"License\"); you may not use this file except in compliance"," * with the License.  You may obtain a copy of the License at"," *"," *   http://www.apache.org/licenses/LICENSE-2.0"," *"," * Unless required by applicable law or agreed to in writing,"," * software distributed under the License is distributed on an"," * \"AS IS\" BASIS, WITHOUT WARRANTIES OR CONDITIONS OF ANY"," * KIND, either express or implied.  See the License for the"," * specific language governing permissions and limitations"," * under the License."," *","*/","","var utils = require('cordova/utils'),","    exec = require('cordova/exec'),","    File = require('cordova-plugin-file.File'),","    CaptureError = require('./CaptureError');","/**"," * Represents a single file."," *"," * name {DOMString} name of the file, without path information"," * fullPath {DOMString} the full path of the file, including the name"," * type {DOMString} mime type"," * lastModifiedDate {Date} last modified date"," * size {Number} size of the file in bytes"," */","var MediaFile = function(name, localURL, type, lastModifiedDate, size){","    MediaFile.__super__.constructor.apply(this, arguments);","};","","utils.extend(MediaFile, File);","","/**"," * Request capture format data for a specific file and type"," *"," * @param {Function} successCB"," * @param {Function} errorCB"," */","MediaFile.prototype.getFormatData = function(successCallback, errorCallback) {","    if (typeof this.fullPath === \"undefined\" || this.fullPath === null) {","        errorCallback(new CaptureError(CaptureError.CAPTURE_INVALID_ARGUMENT));","    } else {","        exec(successCallback, errorCallback, \"Capture\", \"getFormatData\", [this.fullPath, this.type]);","    }","};","","module.exports = MediaFile;",""],"l":{"22":4,"35":0,"36":0,"39":0,"47":0,"48":0,"49":0,"51":0,"55":0}},"/home/travis/build/npmtest/node-npmtest-cordova-plugin-media-capture/node_modules/cordova-plugin-media-capture/www/MediaFileData.js":{"path":"/home/travis/build/npmtest/node-npmtest-cordova-plugin-media-capture/node_modules/cordova-plugin-media-capture/www/MediaFileData.js","s":{"1":1,"2":0,"3":0,"4":0,"5":0,"6":0,"7":1},"b":{"1":[0,0],"2":[0,0],"3":[0,0],"4":[0,0],"5":[0,0]},"f":{"1":0},"fnMap":{"1":{"name":"(anonymous_1)","line":31,"loc":{"start":{"line":31,"column":20},"end":{"line":31,"column":70}}}},"statementMap":{"1":{"start":{"line":31,"column":0},"end":{"line":37,"column":2}},"2":{"start":{"line":32,"column":4},"end":{"line":32,"column":33}},"3":{"start":{"line":33,"column":4},"end":{"line":33,"column":32}},"4":{"start":{"line":34,"column":4},"end":{"line":34,"column":30}},"5":{"start":{"line":35,"column":4},"end":{"line":35,"column":28}},"6":{"start":{"line":36,"column":4},"end":{"line":36,"column":34}},"7":{"start":{"line":39,"column":0},"end":{"line":39,"column":31}}},"branchMap":{"1":{"line":32,"type":"binary-expr","locations":[{"start":{"line":32,"column":18},"end":{"line":32,"column":24}},{"start":{"line":32,"column":28},"end":{"line":32,"column":32}}]},"2":{"line":33,"type":"binary-expr","locations":[{"start":{"line":33,"column":19},"end":{"line":33,"column":26}},{"start":{"line":33,"column":30},"end":{"line":33,"column":31}}]},"3":{"line":34,"type":"binary-expr","locations":[{"start":{"line":34,"column":18},"end":{"line":34,"column":24}},{"start":{"line":34,"column":28},"end":{"line":34,"column":29}}]},"4":{"line":35,"type":"binary-expr","locations":[{"start":{"line":35,"column":17},"end":{"line":35,"column":22}},{"start":{"line":35,"column":26},"end":{"line":35,"column":27}}]},"5":{"line":36,"type":"binary-expr","locations":[{"start":{"line":36,"column":20},"end":{"line":36,"column":28}},{"start":{"line":36,"column":32},"end":{"line":36,"column":33}}]}},"code":["/*"," *"," * Licensed to the Apache Software Foundation (ASF) under one"," * or more contributor license agreements.  See the NOTICE file"," * distributed with this work for additional information"," * regarding copyright ownership.  The ASF licenses this file"," * to you under the Apache License, Version 2.0 (the"," * \"License\"); you may not use this file except in compliance"," * with the License.  You may obtain a copy of the License at"," *"," *   http://www.apache.org/licenses/LICENSE-2.0"," *"," * Unless required by applicable law or agreed to in writing,"," * software distributed under the License is distributed on an"," * \"AS IS\" BASIS, WITHOUT WARRANTIES OR CONDITIONS OF ANY"," * KIND, either express or implied.  See the License for the"," * specific language governing permissions and limitations"," * under the License."," *","*/","","/**"," * MediaFileData encapsulates format information of a media file."," *"," * @param {DOMString} codecs"," * @param {long} bitrate"," * @param {long} height"," * @param {long} width"," * @param {float} duration"," */","var MediaFileData = function(codecs, bitrate, height, width, duration){","    this.codecs = codecs || null;","    this.bitrate = bitrate || 0;","    this.height = height || 0;","    this.width = width || 0;","    this.duration = duration || 0;","};","","module.exports = MediaFileData;",""],"l":{"31":1,"32":0,"33":0,"34":0,"35":0,"36":0,"39":1}},"/home/travis/build/npmtest/node-npmtest-cordova-plugin-media-capture/node_modules/cordova-plugin-media-capture/src/blackberry10/index.js":{"path":"/home/travis/build/npmtest/node-npmtest-cordova-plugin-media-capture/node_modules/cordova-plugin-media-capture/src/blackberry10/index.js","s":{"1":1,"2":1,"3":0,"4":0,"5":0,"6":0,"7":0,"8":0,"9":0,"10":0,"11":0,"12":0,"13":0,"14":0,"15":0,"16":0,"17":0,"18":0,"19":0,"20":0,"21":0,"22":0,"23":0,"24":0,"25":0,"26":0,"27":0,"28":0,"29":0,"30":1,"31":0,"32":0,"33":0,"34":0,"35":0,"36":0,"37":0,"38":0,"39":0,"40":0,"41":0,"42":0},"b":{"1":[0,0],"2":[0,0],"3":[0,0],"4":[0,0],"5":[0,0],"6":[0,0],"7":[0,0],"8":[0,0],"9":[0,0]},"f":{"1":0,"2":0,"3":0,"4":0,"5":0,"6":0,"7":0,"8":0,"9":0,"10":0,"11":0,"12":0,"13":0,"14":0,"15":0,"16":0},"fnMap":{"1":{"name":"capture","line":30,"loc":{"start":{"line":30,"column":0},"end":{"line":30,"column":51}}},"2":{"name":"(anonymous_2)","line":32,"loc":{"start":{"line":32,"column":15},"end":{"line":32,"column":32}}},"3":{"name":"(anonymous_3)","line":35,"loc":{"start":{"line":35,"column":21},"end":{"line":35,"column":37}}},"4":{"name":"(anonymous_4)","line":38,"loc":{"start":{"line":38,"column":68},"end":{"line":38,"column":82}}},"5":{"name":"(anonymous_5)","line":39,"loc":{"start":{"line":39,"column":42},"end":{"line":39,"column":56}}},"6":{"name":"(anonymous_6)","line":40,"loc":{"start":{"line":40,"column":28},"end":{"line":40,"column":44}}},"7":{"name":"(anonymous_7)","line":48,"loc":{"start":{"line":48,"column":26},"end":{"line":48,"column":46}}},"8":{"name":"(anonymous_8)","line":56,"loc":{"start":{"line":56,"column":22},"end":{"line":56,"column":34}}},"9":{"name":"(anonymous_9)","line":59,"loc":{"start":{"line":59,"column":20},"end":{"line":59,"column":37}}},"10":{"name":"(anonymous_10)","line":73,"loc":{"start":{"line":73,"column":12},"end":{"line":73,"column":29}}},"11":{"name":"(anonymous_11)","line":88,"loc":{"start":{"line":88,"column":28},"end":{"line":88,"column":64}}},"12":{"name":"(anonymous_12)","line":92,"loc":{"start":{"line":92,"column":28},"end":{"line":92,"column":60}}},"13":{"name":"(anonymous_13)","line":96,"loc":{"start":{"line":96,"column":28},"end":{"line":96,"column":60}}},"14":{"name":"(anonymous_14)","line":100,"loc":{"start":{"line":100,"column":18},"end":{"line":100,"column":50}}},"15":{"name":"(anonymous_15)","line":106,"loc
[...]
ult = new MediaFile(photoFile.name, 'ms-appdata:///local/' + photoFile.name, photoFile.contentType, basicProperties.dateModified, basicProperties.size);","                    result.fullPath = photoFile.path;","                    successCallback([result]);","                }, function (err) {","                    fail(CaptureError.CAPTURE_INTERNAL_ERR, err);","                });","            }, function (err) {","                fail(err);","            });","","        } else {","            var cameraCaptureUI = new Windows.Media.Capture.CameraCaptureUI();","            cameraCaptureUI.photoSettings.allowCropping = true;","            cameraCaptureUI.photoSettings.maxResolution = Windows.Media.Capture.CameraCaptureUIMaxPhotoResolution.highestAvailable;","            cameraCaptureUI.photoSettings.format = Windows.Media.Capture.CameraCaptureUIPhotoFormat.jpeg;","            cameraCaptureUI.captureFileAsync(Windows.Media.Capture.CameraCaptureUIMode.photo).done(function (file) {","                if (file) {","                    file.moveAsync(Windows.Storage.ApplicationData.current.localFolder, \"cameraCaptureImage.jpg\", Windows.Storage.NameCollisionOption.generateUniqueName).then(function () {","                        file.getBasicPropertiesAsync().then(function (basicProperties) {","                            var result = new MediaFile(file.name, 'ms-appdata:///local/' + file.name, file.contentType, basicProperties.dateModified, basicProperties.size);","                            result.fullPath = file.path;","                            successCallback([result]);","                        }, function () {","                            errorCallback(new CaptureError(CaptureError.CAPTURE_NO_MEDIA_FILES));","                        });","                    }, function () {","                        errorCallback(new CaptureError(CaptureError.CAPTURE_NO_MEDIA_FILES));","                    });","                } else {","                    errorCallback(new CaptureError(CaptureError.CAPTURE_NO_MEDIA_FILES));","                }","            }, function () {","                errorCallback(new CaptureError(CaptureError.CAPTURE_NO_MEDIA_FILES));","            });","        }","    },","","    captureVideo:function (successCallback, errorCallback, args) {","        var options = args[0];","        var CaptureNS = Windows.Media.Capture;","","        function fail(code, data) {","            var err = new CaptureError(code);","            err.message = data;","            errorCallback(err);","        }","","        // Check if necessary API available","        if (!CaptureNS.CameraCaptureUI) {","            // We are running on WP8.1 which lacks CameraCaptureUI class","            // so we need to use MediaCapture class instead and implement custom UI for camera","","            var proxy = new MediaCaptureProxy();","","            proxy.captureVideo(function (videoFile) {","                videoFile.getBasicPropertiesAsync().done(function (basicProperties) {","                    var result = new MediaFile(videoFile.name, 'ms-appdata:///local/' + videoFile.name, videoFile.contentType, basicProperties.dateModified, basicProperties.size);","                    result.fullPath = videoFile.path;","                    successCallback([result]);","                }, function (err) {","                    fail(CaptureError.CAPTURE_INTERNAL_ERR, err);","                });","            }, fail);","","        } else {","","            var videoOptions = new CaptureVideoOptions();","            if (options.duration && options.duration > 0) {","                videoOptions.duration = options.duration;","            }","            if (options.limit > 1) {","                videoOptions.limit = options.limit;","            }","            var cameraCaptureUI = new Windows.Media.Capture.CameraCaptureUI();","            cameraCaptureUI.videoSettings.allowTrimming = true;","            cameraCaptureUI.videoSettings.format = Windows.Media.Capture.CameraCaptureUIVideoFormat.mp4;","            cameraCaptureUI.videoSettings.maxDurationInSeconds = videoOptions.duration;","            cameraCaptureUI.captureFileAsync(Windows.Media.Capture.CameraCaptureUIMode.video).then(function(file) {","                if (file) {","                    file.moveAsync(Windows.Storage.ApplicationData.current.localFolder, \"cameraCaptureVideo.mp4\", Windows.Storage.NameCollisionOption.generateUniqueName).then(function () {","                        file.getBasicPropertiesAsync().then(function(basicProperties) {","                            var result = new MediaFile(file.name, 'ms-appdata:///local/' + file.name, file.contentType, basicProperties.dateModified, basicProperties.size);","                            result.fullPath = file.path;","                            successCallback([result]);","                        }, function() {","                            errorCallback(new CaptureError(CaptureError.CAPTURE_NO_MEDIA_FILES));","                        });","                    }, function() {","                        errorCallback(new CaptureError(CaptureError.CAPTURE_NO_MEDIA_FILES));","                    });","                } else {","                    errorCallback(new CaptureError(CaptureError.CAPTURE_NO_MEDIA_FILES));","                }","            }, function() { errorCallback(new CaptureError(CaptureError.CAPTURE_NO_MEDIA_FILES)); });","        }","    },","","    getFormatData: function (successCallback, errorCallback, args) {","        Windows.Storage.StorageFile.getFileFromPathAsync(args[0]).then(","            function (storageFile) {","                var mediaTypeFlag = String(storageFile.contentType).split(\"/\")[0].toLowerCase();","                if (mediaTypeFlag === \"audio\") {","                    storageFile.properties.getMusicPropertiesAsync().then(function (audioProperties) {","                        successCallback(new MediaFileData(null, audioProperties.bitrate, 0, 0, audioProperties.duration / 1000));","                    }, function () {","                        errorCallback(new CaptureError(CaptureError.CAPTURE_INVALID_ARGUMENT));","                    });","                }","                else if (mediaTypeFlag === \"video\") {","                    storageFile.properties.getVideoPropertiesAsync().then(function (videoProperties) {","                        successCallback(new MediaFileData(null, videoProperties.bitrate, videoProperties.height, videoProperties.width, videoProperties.duration / 1000));","                    }, function () {","                        errorCallback(new CaptureError(CaptureError.CAPTURE_INVALID_ARGUMENT));","                    });","                }","                else if (mediaTypeFlag === \"image\") {","                    storageFile.properties.getImagePropertiesAsync().then(function (imageProperties) {","                        successCallback(new MediaFileData(null, 0, imageProperties.height, imageProperties.width, 0));","                    }, function () {","                        errorCallback(new CaptureError(CaptureError.CAPTURE_INVALID_ARGUMENT));","                    });","                }","                else { errorCallback(new CaptureError(CaptureError.CAPTURE_INVALID_ARGUMENT)); }","            }, function () {","                errorCallback(new CaptureError(CaptureError.CAPTURE_INVALID_ARGUMENT));","            }","        );","    }","};","","require(\"cordova/exec/proxy\").add(\"Capture\",module.exports);",""],"l":{"24":2,"25":0,"26":0,"27":0,"28":0,"33":1,"35":0,"44":0,"50":1,"52":0,"53":0,"54":0,"55":0,"56":0,"57":0,"66":1,"68":0,"70":0,"71":0,"72":0,"81":0,"84":0,"87":0,"89":0,"91":0,"92":0,"102":1,"105":0,"106":0,"107":0,"108":0,"109":0,"110":0,"114":0,"118":0,"119":0,"121":0,"122":0,"124":0,"127":0,"128":0,"129":0,"130":0,"132":0,"133":0,"135":0,"136":0,"140":0,"141":0,"149":1,"150":0,"151":0,"152":0,"153":0,"155":0,"156":0,"157":0,"161":0,"168":0,"169":0,"170":0,"173":0,"175":0,"176":0,"178":0,"182":0,"183":0,"184":0,"185":0,"187":0,"188":0,"191":0,"192":0,"195":0,"196":0,"197":0,"202":0,"203":0,"213":0,"214":0,"215":0,"218":0,"222":0,"223":0,"225":0,"227":0,"228":0,"230":0,"231":0,"234":0,"235":0,"240":0,"241":0,"245":0,"248":0,"249":0,"250":0,"252":0,"253":0,"258":0,"262":0,"263":0,"269":0,"272":0,"274":0,"275":0,"276":0,"277":0,"278":0,"280":0,"281":0,"285":0,"290":0,"295":0,"297":0,"300":0,"301":0,"302":0,"303":0,"304":0,"305":0,"307":0,"309":0,"312":0,"313":0,"314":0,"315":0,"316":0,"320":0,"323":0,"324":0,"325":0,"326":0,"327":0,"330":0,"331":0,"335":0,"336":0,"339":0,"344":0,"346":1,"347":0,"348":0,"349":0,"353":0,"357":0,"359":0,"360":0,"361":0,"362":0,"363":0,"365":0,"368":0,"372":0,"373":0,"374":0,"375":0,"376":0,"377":0,"378":0,"379":0,"380":0,"381":0,"382":0,"384":0,"387":0,"390":0,"393":0,"399":0,"400":0,"402":1,"403":0,"404":0,"405":0,"409":0,"413":0,"415":0,"416":0,"417":0,"418":0,"419":0,"421":0,"427":0,"428":0,"429":0,"431":0,"432":0,"434":0,"435":0,"436":0,"437":0,"438":0,"439":0,"440":0,"441":0,"442":0,"443":0,"444":0,"446":0,"449":0,"452":0,"454":0,"459":0,"461":0,"462":0,"463":0,"464":0,"466":0,"469":0,"470":0,"471":0,"473":0,"476":0,"477":0,"478":0,"480":0,"483":0,"485":0,"491":0}},"/home/travis/build/npmtest/node-npmtest-cordova-plugin-media-capture/node_modules/cordova-plugin-media-capture/src/windows/MediaFile.js":{"path":"/home/travis/build/npmtest/node-npmtest-cordova-plugin-media-capture/node_modules/cordova-plugin-media-capture/src/windows/MediaFile.js","s":{"1":2,"2":0,"3":0,"4":0,"5":0,"6":0,"7":0,"8":0,"9":0,"10":0,"11":0,"12":0,"13":0,"14":0,"15":0,"16":0,"17":0,"18":0,"19":0},"b":{"1":[0,0],"2":[0,0],"3":[0,0]},"f":{"1":0,"2":0,"3":0,"4":0,"5":0,"6":0,"7":0,"8":0,"9":0},"fnMap":{"1":{"name":"(anonymous_1)","line":29,"loc":{"start":{"line":29,"column":19},"end":{"line":29,"column":67}}},"2":{"name":"(anonymous_2)","line":31,"loc":{"start":{"line":31,"column":12},"end":{"line":31,"column":35}}},"3":{"name":"(anonymous_3)","line":35,"loc":{"start":{"line":35,"column":24},"end":{"line":35,"column":51}}},"4":{"name":"(anonymous_4)","line":37,"loc":{"start":{"line":37,"column":27},"end":{"line":37,"column":39}}},"5":{"name":"(anonymous_5)","line":43,"loc":{"start":{"line":43,"column":24},"end":{"line":43,"column":51}}},"6":{"name":"(anonymous_6)","line":45,"loc":{"start":{"line":45,"column":27},"end":{"line":45,"column":39}}},"7":{"name":"(anonymous_7)","line":51,"loc":{"start":{"line":51,"column":24},"end":{"line":51,"column":51}}},"8":{"name":"(anonymous_8)","line":53,"loc":{"start":{"line":53,"column":27},"end":{"line":53,"column":39}}},"9":{"name":"(anonymous_9)","line":60,"loc":{"start":{"line":60,"column":15},"end":{"line":60,"column":27}}}},"statementMap":{"1":{"start":{"line":24,"column":0},"end":{"line":24,"column":74}},"2":{"start":{"line":25,"column":0},"end":{"line":25,"column":72}},"3":{"start":{"line":27,"column":0},"end":{"line":65,"column":2}},"4":{"start":{"line":30,"column":8},"end":{"line":63,"column":10}},"5":{"start":{"line":32,"column":16},"end":{"line":32,"column":96}},"6":{"start":{"line":33,"column":16},"end":{"line":59,"column":17}},"7":{"start":{"line":34,"column":20},"end":{"line":40,"column":22}},"8":{"start":{"line":36,"column":28},"end":{"line":36,"column":133}},"9":{"start":{"line":38,"column":28},"end":{"line":38,"column":99}},"10":{"start":{"line":41,"column":23},"end":{"line":59,"column":17}},"11":{"start":{"line":42,"column":20},"end":{"line":48,"column":22}},"12":{"start":{"line":44,"column":28},"end":{"line":44,"column":174}},"13":{"start":{"line":46,"column":28},"end":{"line":46,"column":99}},"14":{"start":{"line":49,"column":23},"end":{"line":59,"column":17}},"15":{"start":{"line":50,"column":20},"end":{"line":56,"column":22}},"16":{"start":{"line":52,"column":28},"end":{"line":52,"column":122}},"17":{"start":{"line":54,"column":28},"end":{"line":54,"column":99}},"18":{"start":{"line":58,"column":20},"end":{"line":58,"column":91}},"19":{"start":{"line":61,"column":16},"end":{"line":61,"column":87}}},"branchMap":{"1":{"line":33,"type":"if","locations":[{"start":{"line":33,"column":16},"end":{"line":33,"column":16}},{"start":{"line":33,"column":16},"end":{"line":33,"column":16}}]},"2":{"line":41,"type":"if","locations":[{"start":{"line":41,"column":23},"end":{"line":41,"column":23}},{"start":{"line":41,"column":23},"end":{"line":41,"column":23}}]},"3":{"line":49,"type":"if","locations":[{"start":{"line":49,"column":23},"end":{"line":49,"column":23}},{"start":{"line":49,"column":23},"end":{"line":49,"column":23}}]}},"code":["/*"," *"," * Licensed to the Apache Software Foundation (ASF) under one"," * or more contributor license agreements.  See the NOTICE file"," * distributed with this work for additional information"," * regarding copyright ownership.  The ASF licenses this file"," * to you under the Apache License, Version 2.0 (the"," * \"License\"); you may not use this file except in compliance"," * with the License.  You may obtain a copy of the License at"," *"," *   http://www.apache.org/licenses/LICENSE-2.0"," *"," * Unless required by applicable law or agreed to in writing,"," * software distributed under the License is distributed on an"," * \"AS IS\" BASIS, WITHOUT WARRANTIES OR CONDITIONS OF ANY"," * KIND, either express or implied.  See the License for the"," * specific language governing permissions and limitations"," * under the License."," *","*/","","/*global Windows:true */","","var MediaFileData = require('cordova-plugin-media-capture.MediaFileData');","var CaptureError = require('cordova-plugin-media-capture.CaptureError');","","module.exports = {","","    getFormatData: function (successCallback, errorCallback, args) {","        Windows.Storage.StorageFile.getFileFromPathAsync(this.fullPath).then(","            function (storageFile) {","                var mediaTypeFlag = String(storageFile.contentType).split(\"/\")[0].toLowerCase();","                if (mediaTypeFlag === \"audio\") {","                    storageFile.properties.getMusicPropertiesAsync().then(","                        function (audioProperties) {","                            successCallback(new MediaFileData(null, audioProperties.bitrate, 0, 0, audioProperties.duration / 1000));","                        }, function () {","                            errorCallback(new CaptureError(CaptureError.CAPTURE_INVALID_ARGUMENT));","                        }","                    );","                } else if (mediaTypeFlag === \"video\") {","                    storageFile.properties.getVideoPropertiesAsync().then(","                        function (videoProperties) {","                            successCallback(new MediaFileData(null, videoProperties.bitrate, videoProperties.height, videoProperties.width, videoProperties.duration / 1000));","                        }, function () {","                            errorCallback(new CaptureError(CaptureError.CAPTURE_INVALID_ARGUMENT));","                        }","                    );","                } else if (mediaTypeFlag === \"image\") {","                    storageFile.properties.getImagePropertiesAsync().then(","                        function (imageProperties) {","                            successCallback(new MediaFileData(null, 0, imageProperties.height, imageProperties.width, 0));","                        }, function () {","                            errorCallback(new CaptureError(CaptureError.CAPTURE_INVALID_ARGUMENT));","                        }","                    );","                } else {","                    errorCallback(new CaptureError(CaptureError.CAPTURE_INVALID_ARGUMENT));","                }","            }, function () {","                errorCallback(new CaptureError(CaptureError.CAPTURE_INVALID_ARGUMENT));","            }","        );","    }","};",""],"l":{"24":2,"25":0,"27":0,"30":0,"32":0,"33":0,"34":0,"36":0,"38":0,"41":0,"42":0,"44":0,"46":0,"49":0,"50":0,"52":0,"54":0,"58":0,"61":0}},"/home/travis/build/npmtest/node-npmtest-cordova-plugin-media-capture/node_modules/cordova-plugin-media-capture/www/android/init.js":{"path":"/home/travis/build/npmtest/node-npmtest-cordova-plugin-media-capture/node_modules/cordova-plugin-media-capture/www/android/init.js","s":{"1":2,"2":0,"3":0,"4":0,"5":0,"6":0,"7":0,"8":0,"9":0,"10":0,"11":0,"12":0},"b":{"1":[0,0],"2":[0,0],"3":[0,0]},"f":{"1":0,"2":0},"fnMap":{"1":{"name":"(anonymous_1)","line":33,"loc":{"start":{"line":33,"column":41},"end":{"line":33,"column":52}}},"2":{"name":"(anonymous_2)","line":34,"loc":{"start":{"line":34,"column":40},"end":{"line":34,"column":56}}}},"statementMap":{"1":{"start":{"line":22,"column":0},"end":{"line":23,"column":35}},"2":{"start":{"line":25,"column":0},"end":{"line":25,"column":43}},"3":{"start":{"line":26,"column":0},"end":{"line":26,"column":42}},"4":{"start":{"line":28,"column":0},"end":{"line":28,"column":68}},"5":{"start":{"line":29,"column":0},"end":{"line":29,"column":68}},"6":{"start":{"line":33,"column":0},"end":{"line":44,"column":3}},"7":{"start":{"line":34,"column":4},"end":{"line":43,"column":7}},"8":{"start":{"line":35,"column":8},"end":{"line":42,"column":9}},"9":{"start":{"line":36,"column":12},"end":{"line":41,"column":13}},"10":{"start":{"line":37,"column":16},"end":{"line":37,"column":84}},"11":{"start":{"line":38,"column":16},"end":{"line":38,"column":42}},"12":{"start":{"line":40,"column":16},"end":{"line":40,"column":58}}},"branchMap":{"1":{"line":35,"type":"if","locations":[{"start":{"line":35,"column":8},"end":{"line":35,"column":8}},{"start":{"line":35,"column":8},"end":{"line":35,"column":8}}]},"2":{"line":35,"type":"binary-expr","locations":[{"start":{"line":35,"column":12},"end":{"line":35,"column":31}},{"start":{"line":35,"column":35},"end":{"line":35,"column":86}}]},"3":{"line":36,"type":"if","locations":[{"start":{"line":36,"column":12},"end":{"line":36,"column":12}},{"start":{"line":36,"column":12},"end":{"line":36,"column":12}}]}},"code":["/*"," *"," * Licensed to the Apache Software Foundation (ASF) under one"," * or more contributor license agreements.  See the NOTICE file"," * distributed with this work for additional information"," * regarding copyright ownership.  The ASF licenses this file"," * to you under the Apache License, Version 2.0 (the"," * \"License\"); you may not use this file except in compliance"," * with the License.  You may obtain a copy of the License at"," *"," *   http://www.apache.org/licenses/LICENSE-2.0"," *"," * Unless required by applicable law or agreed to in writing,"," * software distributed under the License is distributed on an"," * \"AS IS\" BASIS, WITHOUT WARRANTIES OR CONDITIONS OF ANY"," * KIND, either express or implied.  See the License for the"," * specific language governing permissions and limitations"," * under the License."," *","*/","","var cordova = require('cordova'),","    helpers = require('./helpers');","","var SUCCESS_EVENT = \"pendingcaptureresult\";","var FAILURE_EVENT = \"pendingcaptureerror\";","","var sChannel = cordova.addStickyDocumentEventHandler(SUCCESS_EVENT);","var fChannel = cordova.addStickyDocumentEventHandler(FAILURE_EVENT);","","// We fire one of two events in the case where the activity gets killed while","// the user is capturing audio, image, video, etc. in a separate activity","document.addEventListener(\"deviceready\", function() {","    document.addEventListener(\"resume\", function(event) {","        if (event.pendingResult && event.pendingResult.pluginServiceName === \"Capture\") {","            if (event.pendingResult.pluginStatus === \"OK\") {","                var mediaFiles = helpers.wrapMediaFiles(event.pendingResult.result);","                sChannel.fire(mediaFiles);","            } else {","                fChannel.fire(event.pendingResult.result);","            }","        }","    });","});",""],"l":{"22":2,"25":0,"26":0,"28":0,"29":0,"33":0,"34":0,"35":0,"36":0,"37":0,"38":0,"40":0}}}